[2024-07-06T18:07:13.583+0000] {local_task_job_runner.py:120} INFO - ::group::Pre task execution logs
[2024-07-06T18:07:13.598+0000] {taskinstance.py:2076} INFO - Dependencies all met for dep_context=non-requeueable deps ti=<TaskInstance: podcast_summary.load_episodes manual__2024-07-06T18:07:08.435543+00:00 [queued]>
[2024-07-06T18:07:13.605+0000] {taskinstance.py:2076} INFO - Dependencies all met for dep_context=requeueable deps ti=<TaskInstance: podcast_summary.load_episodes manual__2024-07-06T18:07:08.435543+00:00 [queued]>
[2024-07-06T18:07:13.606+0000] {taskinstance.py:2306} INFO - Starting attempt 1 of 1
[2024-07-06T18:07:13.615+0000] {taskinstance.py:2330} INFO - Executing <Task(_PythonDecoratedOperator): load_episodes> on 2024-07-06 18:07:08.435543+00:00
[2024-07-06T18:07:13.622+0000] {warnings.py:110} WARNING - /home/***/.local/lib/python3.12/site-packages/***/task/task_runner/standard_task_runner.py:61: DeprecationWarning: This process (pid=18501) is multi-threaded, use of fork() may lead to deadlocks in the child.
  pid = os.fork()

[2024-07-06T18:07:13.623+0000] {standard_task_runner.py:63} INFO - Started process 18505 to run task
[2024-07-06T18:07:13.625+0000] {standard_task_runner.py:90} INFO - Running: ['***', 'tasks', 'run', 'podcast_summary', 'load_episodes', 'manual__2024-07-06T18:07:08.435543+00:00', '--job-id', '156', '--raw', '--subdir', 'DAGS_FOLDER/podcast_summary.py', '--cfg-path', '/tmp/tmpfgt_3bmm']
[2024-07-06T18:07:13.628+0000] {standard_task_runner.py:91} INFO - Job 156: Subtask load_episodes
[2024-07-06T18:07:13.676+0000] {task_command.py:426} INFO - Running <TaskInstance: podcast_summary.load_episodes manual__2024-07-06T18:07:08.435543+00:00 [running]> on host 4f6b501c5f6b
[2024-07-06T18:07:13.747+0000] {taskinstance.py:2648} INFO - Exporting env vars: AIRFLOW_CTX_DAG_OWNER='***' AIRFLOW_CTX_DAG_ID='podcast_summary' AIRFLOW_CTX_TASK_ID='load_episodes' AIRFLOW_CTX_EXECUTION_DATE='2024-07-06T18:07:08.435543+00:00' AIRFLOW_CTX_TRY_NUMBER='1' AIRFLOW_CTX_DAG_RUN_ID='manual__2024-07-06T18:07:08.435543+00:00'
[2024-07-06T18:07:13.749+0000] {taskinstance.py:430} INFO - ::endgroup::
[2024-07-06T18:07:13.762+0000] {base.py:84} INFO - Using connection ID 'podcasts' for task execution.
[2024-07-06T18:07:13.782+0000] {base.py:84} INFO - Using connection ID 'podcasts' for task execution.
[2024-07-06T18:07:13.783+0000] {sql.py:593} INFO - Done loading. Loaded a total of 0 rows into episodes
[2024-07-06T18:07:13.784+0000] {python.py:237} INFO - Done. Returned value was: None
[2024-07-06T18:07:13.784+0000] {taskinstance.py:441} INFO - ::group::Post task execution logs
[2024-07-06T18:07:13.793+0000] {taskinstance.py:1206} INFO - Marking task as SUCCESS. dag_id=podcast_summary, task_id=load_episodes, run_id=manual__2024-07-06T18:07:08.435543+00:00, execution_date=20240706T180708, start_date=20240706T180713, end_date=20240706T180713
[2024-07-06T18:07:13.847+0000] {local_task_job_runner.py:240} INFO - Task exited with return code 0
[2024-07-06T18:07:13.861+0000] {taskinstance.py:3498} INFO - 0 downstream tasks scheduled from follow-on schedule check
[2024-07-06T18:07:14.140+0000] {local_task_job_runner.py:222} INFO - ::endgroup::
