[2024-07-05T21:53:26.482+0000] {local_task_job_runner.py:120} INFO - ::group::Pre task execution logs
[2024-07-05T21:53:26.490+0000] {taskinstance.py:2076} INFO - Dependencies all met for dep_context=non-requeueable deps ti=<TaskInstance: podcast_summary.create_table_sqlite manual__2024-07-05T21:53:25.095058+00:00 [queued]>
[2024-07-05T21:53:26.493+0000] {taskinstance.py:2076} INFO - Dependencies all met for dep_context=requeueable deps ti=<TaskInstance: podcast_summary.create_table_sqlite manual__2024-07-05T21:53:25.095058+00:00 [queued]>
[2024-07-05T21:53:26.493+0000] {taskinstance.py:2306} INFO - Starting attempt 1 of 1
[2024-07-05T21:53:26.497+0000] {taskinstance.py:2330} INFO - Executing <Task(SqliteOperator): create_table_sqlite> on 2024-07-05 21:53:25.095058+00:00
[2024-07-05T21:53:26.501+0000] {warnings.py:110} WARNING - /home/***/.local/lib/python3.12/site-packages/***/task/task_runner/standard_task_runner.py:61: DeprecationWarning: This process (pid=14366) is multi-threaded, use of fork() may lead to deadlocks in the child.
  pid = os.fork()

[2024-07-05T21:53:26.502+0000] {standard_task_runner.py:63} INFO - Started process 14368 to run task
[2024-07-05T21:53:26.502+0000] {standard_task_runner.py:90} INFO - Running: ['***', 'tasks', 'run', 'podcast_summary', 'create_table_sqlite', 'manual__2024-07-05T21:53:25.095058+00:00', '--job-id', '134', '--raw', '--subdir', 'DAGS_FOLDER/podcast_summary.py', '--cfg-path', '/tmp/tmpji4d5u4r']
[2024-07-05T21:53:26.504+0000] {standard_task_runner.py:91} INFO - Job 134: Subtask create_table_sqlite
[2024-07-05T21:53:26.541+0000] {task_command.py:426} INFO - Running <TaskInstance: podcast_summary.create_table_sqlite manual__2024-07-05T21:53:25.095058+00:00 [running]> on host 4f6b501c5f6b
[2024-07-05T21:53:26.579+0000] {taskinstance.py:2648} INFO - Exporting env vars: AIRFLOW_CTX_DAG_OWNER='***' AIRFLOW_CTX_DAG_ID='podcast_summary' AIRFLOW_CTX_TASK_ID='create_table_sqlite' AIRFLOW_CTX_EXECUTION_DATE='2024-07-05T21:53:25.095058+00:00' AIRFLOW_CTX_TRY_NUMBER='1' AIRFLOW_CTX_DAG_RUN_ID='manual__2024-07-05T21:53:25.095058+00:00'
[2024-07-05T21:53:26.581+0000] {taskinstance.py:430} INFO - ::endgroup::
[2024-07-05T21:53:26.581+0000] {sql.py:276} INFO - Executing: 
        CREATE TABLE IF NOT EXISTS episodes (
            link TEXT PRIMARY KEY,
            title TEXT,
            filename TEXT,
            published TEXT,
            description TEXT,
            transcript TEXT
        );
        
[2024-07-05T21:53:26.585+0000] {base.py:84} INFO - Using connection ID 'podcasts' for task execution.
[2024-07-05T21:53:26.588+0000] {base.py:84} INFO - Using connection ID 'podcasts' for task execution.
[2024-07-05T21:53:26.589+0000] {sql.py:470} INFO - Running statement: 
        CREATE TABLE IF NOT EXISTS episodes (
            link TEXT PRIMARY KEY,
            title TEXT,
            filename TEXT,
            published TEXT,
            description TEXT,
            transcript TEXT
        );
        , parameters: None
[2024-07-05T21:53:26.589+0000] {taskinstance.py:441} INFO - ::group::Post task execution logs
[2024-07-05T21:53:26.593+0000] {taskinstance.py:1206} INFO - Marking task as SUCCESS. dag_id=podcast_summary, task_id=create_table_sqlite, run_id=manual__2024-07-05T21:53:25.095058+00:00, execution_date=20240705T215325, start_date=20240705T215326, end_date=20240705T215326
[2024-07-05T21:53:26.604+0000] {local_task_job_runner.py:240} INFO - Task exited with return code 0
[2024-07-05T21:53:26.611+0000] {warnings.py:110} WARNING - /home/***/.local/lib/python3.12/site-packages/***/models/baseoperator.py:1296: AirflowProviderDeprecationWarning: Call to deprecated class SqliteOperator. (Please use `***.providers.common.sql.operators.sql.SQLExecuteQueryOperator`.)
  result = cls.__new__(cls)

[2024-07-05T21:53:26.620+0000] {taskinstance.py:3498} INFO - 1 downstream tasks scheduled from follow-on schedule check
[2024-07-05T21:53:26.620+0000] {local_task_job_runner.py:222} INFO - ::endgroup::
