[2024-07-04T20:16:35.224+0000] {local_task_job_runner.py:120} INFO - ::group::Pre task execution logs
[2024-07-04T20:16:35.234+0000] {taskinstance.py:2076} INFO - Dependencies all met for dep_context=non-requeueable deps ti=<TaskInstance: welcome_dag.print_welcome manual__2024-07-04T20:16:34.034219+00:00 [queued]>
[2024-07-04T20:16:35.237+0000] {taskinstance.py:2076} INFO - Dependencies all met for dep_context=requeueable deps ti=<TaskInstance: welcome_dag.print_welcome manual__2024-07-04T20:16:34.034219+00:00 [queued]>
[2024-07-04T20:16:35.237+0000] {taskinstance.py:2306} INFO - Starting attempt 1 of 1
[2024-07-04T20:16:35.243+0000] {taskinstance.py:2330} INFO - Executing <Task(PythonOperator): print_welcome> on 2024-07-04 20:16:34.034219+00:00
[2024-07-04T20:16:35.248+0000] {warnings.py:110} WARNING - /home/***/.local/lib/python3.12/site-packages/***/task/task_runner/standard_task_runner.py:61: DeprecationWarning: This process (pid=6447) is multi-threaded, use of fork() may lead to deadlocks in the child.
  pid = os.fork()

[2024-07-04T20:16:35.249+0000] {standard_task_runner.py:63} INFO - Started process 6449 to run task
[2024-07-04T20:16:35.248+0000] {standard_task_runner.py:90} INFO - Running: ['***', 'tasks', 'run', 'welcome_dag', 'print_welcome', 'manual__2024-07-04T20:16:34.034219+00:00', '--job-id', '113', '--raw', '--subdir', 'DAGS_FOLDER/Welcome_dag.py', '--cfg-path', '/tmp/tmpdgz4rg6q']
[2024-07-04T20:16:35.251+0000] {standard_task_runner.py:91} INFO - Job 113: Subtask print_welcome
[2024-07-04T20:16:35.274+0000] {task_command.py:426} INFO - Running <TaskInstance: welcome_dag.print_welcome manual__2024-07-04T20:16:34.034219+00:00 [running]> on host 4f6b501c5f6b
[2024-07-04T20:16:35.310+0000] {taskinstance.py:2648} INFO - Exporting env vars: AIRFLOW_CTX_DAG_OWNER='***' AIRFLOW_CTX_DAG_ID='welcome_dag' AIRFLOW_CTX_TASK_ID='print_welcome' AIRFLOW_CTX_EXECUTION_DATE='2024-07-04T20:16:34.034219+00:00' AIRFLOW_CTX_TRY_NUMBER='1' AIRFLOW_CTX_DAG_RUN_ID='manual__2024-07-04T20:16:34.034219+00:00'
[2024-07-04T20:16:35.311+0000] {taskinstance.py:430} INFO - ::endgroup::
[2024-07-04T20:16:35.311+0000] {logging_mixin.py:188} INFO - Welcome to Airflow!
[2024-07-04T20:16:35.311+0000] {python.py:237} INFO - Done. Returned value was: None
[2024-07-04T20:16:35.311+0000] {taskinstance.py:441} INFO - ::group::Post task execution logs
[2024-07-04T20:16:35.314+0000] {taskinstance.py:1206} INFO - Marking task as SUCCESS. dag_id=welcome_dag, task_id=print_welcome, run_id=manual__2024-07-04T20:16:34.034219+00:00, execution_date=20240704T201634, start_date=20240704T201635, end_date=20240704T201635
[2024-07-04T20:16:35.349+0000] {local_task_job_runner.py:240} INFO - Task exited with return code 0
[2024-07-04T20:16:35.361+0000] {taskinstance.py:3498} INFO - 1 downstream tasks scheduled from follow-on schedule check
[2024-07-04T20:16:35.362+0000] {local_task_job_runner.py:222} INFO - ::endgroup::
