[2024-06-11T23:15:01.374+0000] {local_task_job_runner.py:120} INFO - ::group::Pre task execution logs
[2024-06-11T23:15:01.381+0000] {taskinstance.py:2076} INFO - Dependencies all met for dep_context=non-requeueable deps ti=<TaskInstance: welcome_dag.print_random_quote scheduled__2024-06-10T23:00:00+00:00 [queued]>
[2024-06-11T23:15:01.384+0000] {taskinstance.py:2076} INFO - Dependencies all met for dep_context=requeueable deps ti=<TaskInstance: welcome_dag.print_random_quote scheduled__2024-06-10T23:00:00+00:00 [queued]>
[2024-06-11T23:15:01.384+0000] {taskinstance.py:2306} INFO - Starting attempt 1 of 1
[2024-06-11T23:15:01.389+0000] {taskinstance.py:2330} INFO - Executing <Task(PythonOperator): print_random_quote> on 2024-06-10 23:00:00+00:00
[2024-06-11T23:15:01.391+0000] {warnings.py:110} WARNING - /home/***/.local/lib/python3.12/site-packages/***/task/task_runner/standard_task_runner.py:61: DeprecationWarning: This process (pid=48688) is multi-threaded, use of fork() may lead to deadlocks in the child.
  pid = os.fork()

[2024-06-11T23:15:01.392+0000] {standard_task_runner.py:63} INFO - Started process 48690 to run task
[2024-06-11T23:15:01.392+0000] {standard_task_runner.py:90} INFO - Running: ['***', 'tasks', 'run', 'welcome_dag', 'print_random_quote', 'scheduled__2024-06-10T23:00:00+00:00', '--job-id', '41', '--raw', '--subdir', 'DAGS_FOLDER/Welcome_dag.py', '--cfg-path', '/tmp/tmpz2nt3l42']
[2024-06-11T23:15:01.394+0000] {standard_task_runner.py:91} INFO - Job 41: Subtask print_random_quote
[2024-06-11T23:15:01.410+0000] {task_command.py:426} INFO - Running <TaskInstance: welcome_dag.print_random_quote scheduled__2024-06-10T23:00:00+00:00 [running]> on host 39cf80e3d564
[2024-06-11T23:15:01.439+0000] {taskinstance.py:2648} INFO - Exporting env vars: AIRFLOW_CTX_DAG_OWNER='***' AIRFLOW_CTX_DAG_ID='welcome_dag' AIRFLOW_CTX_TASK_ID='print_random_quote' AIRFLOW_CTX_EXECUTION_DATE='2024-06-10T23:00:00+00:00' AIRFLOW_CTX_TRY_NUMBER='1' AIRFLOW_CTX_DAG_RUN_ID='scheduled__2024-06-10T23:00:00+00:00'
[2024-06-11T23:15:01.440+0000] {taskinstance.py:430} INFO - ::endgroup::
[2024-06-11T23:15:02.559+0000] {logging_mixin.py:188} INFO - Quote of the day: "The most I can do for my friend is simply be his friend."
[2024-06-11T23:15:02.565+0000] {python.py:237} INFO - Done. Returned value was: None
[2024-06-11T23:15:02.568+0000] {taskinstance.py:441} INFO - ::group::Post task execution logs
[2024-06-11T23:15:02.583+0000] {taskinstance.py:1206} INFO - Marking task as SUCCESS. dag_id=welcome_dag, task_id=print_random_quote, run_id=scheduled__2024-06-10T23:00:00+00:00, execution_date=20240610T230000, start_date=20240611T231501, end_date=20240611T231502
[2024-06-11T23:15:02.619+0000] {local_task_job_runner.py:240} INFO - Task exited with return code 0
[2024-06-11T23:15:02.636+0000] {taskinstance.py:3498} INFO - 0 downstream tasks scheduled from follow-on schedule check
[2024-06-11T23:15:02.638+0000] {local_task_job_runner.py:222} INFO - ::endgroup::
