[2024-07-02T23:47:44.030+0000] {local_task_job_runner.py:120} INFO - ::group::Pre task execution logs
[2024-07-02T23:47:44.040+0000] {taskinstance.py:2076} INFO - Dependencies all met for dep_context=non-requeueable deps ti=<TaskInstance: welcome_dag.print_random_quote scheduled__2024-07-01T23:00:00+00:00 [queued]>
[2024-07-02T23:47:44.043+0000] {taskinstance.py:2076} INFO - Dependencies all met for dep_context=requeueable deps ti=<TaskInstance: welcome_dag.print_random_quote scheduled__2024-07-01T23:00:00+00:00 [queued]>
[2024-07-02T23:47:44.043+0000] {taskinstance.py:2306} INFO - Starting attempt 1 of 1
[2024-07-02T23:47:44.048+0000] {taskinstance.py:2330} INFO - Executing <Task(PythonOperator): print_random_quote> on 2024-07-01 23:00:00+00:00
[2024-07-02T23:47:44.052+0000] {warnings.py:110} WARNING - /home/***/.local/lib/python3.12/site-packages/***/task/task_runner/standard_task_runner.py:61: DeprecationWarning: This process (pid=89197) is multi-threaded, use of fork() may lead to deadlocks in the child.
  pid = os.fork()

[2024-07-02T23:47:44.053+0000] {standard_task_runner.py:63} INFO - Started process 89199 to run task
[2024-07-02T23:47:44.053+0000] {standard_task_runner.py:90} INFO - Running: ['***', 'tasks', 'run', 'welcome_dag', 'print_random_quote', 'scheduled__2024-07-01T23:00:00+00:00', '--job-id', '105', '--raw', '--subdir', 'DAGS_FOLDER/Welcome_dag.py', '--cfg-path', '/tmp/tmpxcw34204']
[2024-07-02T23:47:44.054+0000] {standard_task_runner.py:91} INFO - Job 105: Subtask print_random_quote
[2024-07-02T23:47:44.074+0000] {task_command.py:426} INFO - Running <TaskInstance: welcome_dag.print_random_quote scheduled__2024-07-01T23:00:00+00:00 [running]> on host 39cf80e3d564
[2024-07-02T23:47:44.108+0000] {taskinstance.py:2648} INFO - Exporting env vars: AIRFLOW_CTX_DAG_OWNER='***' AIRFLOW_CTX_DAG_ID='welcome_dag' AIRFLOW_CTX_TASK_ID='print_random_quote' AIRFLOW_CTX_EXECUTION_DATE='2024-07-01T23:00:00+00:00' AIRFLOW_CTX_TRY_NUMBER='1' AIRFLOW_CTX_DAG_RUN_ID='scheduled__2024-07-01T23:00:00+00:00'
[2024-07-02T23:47:44.109+0000] {taskinstance.py:430} INFO - ::endgroup::
[2024-07-02T23:47:44.429+0000] {logging_mixin.py:188} INFO - Quote of the day: "The best argument against democracy is a five-minute conversation with the average voter."
[2024-07-02T23:47:44.430+0000] {python.py:237} INFO - Done. Returned value was: None
[2024-07-02T23:47:44.431+0000] {taskinstance.py:441} INFO - ::group::Post task execution logs
[2024-07-02T23:47:44.439+0000] {taskinstance.py:1206} INFO - Marking task as SUCCESS. dag_id=welcome_dag, task_id=print_random_quote, run_id=scheduled__2024-07-01T23:00:00+00:00, execution_date=20240701T230000, start_date=20240702T234744, end_date=20240702T234744
[2024-07-02T23:47:44.487+0000] {local_task_job_runner.py:240} INFO - Task exited with return code 0
[2024-07-02T23:47:44.499+0000] {taskinstance.py:3498} INFO - 0 downstream tasks scheduled from follow-on schedule check
[2024-07-02T23:47:44.500+0000] {local_task_job_runner.py:222} INFO - ::endgroup::
