[2024-06-22T23:09:41.877+0000] {local_task_job_runner.py:120} INFO - ::group::Pre task execution logs
[2024-06-22T23:09:41.884+0000] {taskinstance.py:2076} INFO - Dependencies all met for dep_context=non-requeueable deps ti=<TaskInstance: welcome_dag.print_date scheduled__2024-06-21T23:00:00+00:00 [queued]>
[2024-06-22T23:09:41.887+0000] {taskinstance.py:2076} INFO - Dependencies all met for dep_context=requeueable deps ti=<TaskInstance: welcome_dag.print_date scheduled__2024-06-21T23:00:00+00:00 [queued]>
[2024-06-22T23:09:41.887+0000] {taskinstance.py:2306} INFO - Starting attempt 1 of 1
[2024-06-22T23:09:41.892+0000] {taskinstance.py:2330} INFO - Executing <Task(PythonOperator): print_date> on 2024-06-21 23:00:00+00:00
[2024-06-22T23:09:41.896+0000] {warnings.py:110} WARNING - /home/***/.local/lib/python3.12/site-packages/***/task/task_runner/standard_task_runner.py:61: DeprecationWarning: This process (pid=19072) is multi-threaded, use of fork() may lead to deadlocks in the child.
  pid = os.fork()

[2024-06-22T23:09:41.896+0000] {standard_task_runner.py:63} INFO - Started process 19074 to run task
[2024-06-22T23:09:41.896+0000] {standard_task_runner.py:90} INFO - Running: ['***', 'tasks', 'run', 'welcome_dag', 'print_date', 'scheduled__2024-06-21T23:00:00+00:00', '--job-id', '74', '--raw', '--subdir', 'DAGS_FOLDER/Welcome_dag.py', '--cfg-path', '/tmp/tmp97h4m9ap']
[2024-06-22T23:09:41.898+0000] {standard_task_runner.py:91} INFO - Job 74: Subtask print_date
[2024-06-22T23:09:41.916+0000] {task_command.py:426} INFO - Running <TaskInstance: welcome_dag.print_date scheduled__2024-06-21T23:00:00+00:00 [running]> on host 39cf80e3d564
[2024-06-22T23:09:41.947+0000] {taskinstance.py:2648} INFO - Exporting env vars: AIRFLOW_CTX_DAG_OWNER='***' AIRFLOW_CTX_DAG_ID='welcome_dag' AIRFLOW_CTX_TASK_ID='print_date' AIRFLOW_CTX_EXECUTION_DATE='2024-06-21T23:00:00+00:00' AIRFLOW_CTX_TRY_NUMBER='1' AIRFLOW_CTX_DAG_RUN_ID='scheduled__2024-06-21T23:00:00+00:00'
[2024-06-22T23:09:41.948+0000] {taskinstance.py:430} INFO - ::endgroup::
[2024-06-22T23:09:41.948+0000] {logging_mixin.py:188} INFO - Today is 2024-06-22
[2024-06-22T23:09:41.949+0000] {python.py:237} INFO - Done. Returned value was: None
[2024-06-22T23:09:41.949+0000] {taskinstance.py:441} INFO - ::group::Post task execution logs
[2024-06-22T23:09:41.952+0000] {taskinstance.py:1206} INFO - Marking task as SUCCESS. dag_id=welcome_dag, task_id=print_date, run_id=scheduled__2024-06-21T23:00:00+00:00, execution_date=20240621T230000, start_date=20240622T230941, end_date=20240622T230941
[2024-06-22T23:09:41.998+0000] {local_task_job_runner.py:240} INFO - Task exited with return code 0
[2024-06-22T23:09:42.008+0000] {taskinstance.py:3498} INFO - 1 downstream tasks scheduled from follow-on schedule check
[2024-06-22T23:09:42.009+0000] {local_task_job_runner.py:222} INFO - ::endgroup::
