[2024-07-06T18:05:52.198+0000] {local_task_job_runner.py:120} INFO - ::group::Pre task execution logs
[2024-07-06T18:05:52.209+0000] {taskinstance.py:2076} INFO - Dependencies all met for dep_context=non-requeueable deps ti=<TaskInstance: podcast_summary.load_episodes manual__2024-07-06T18:05:47.779691+00:00 [queued]>
[2024-07-06T18:05:52.213+0000] {taskinstance.py:2076} INFO - Dependencies all met for dep_context=requeueable deps ti=<TaskInstance: podcast_summary.load_episodes manual__2024-07-06T18:05:47.779691+00:00 [queued]>
[2024-07-06T18:05:52.213+0000] {taskinstance.py:2306} INFO - Starting attempt 1 of 1
[2024-07-06T18:05:52.217+0000] {taskinstance.py:2330} INFO - Executing <Task(_PythonDecoratedOperator): load_episodes> on 2024-07-06 18:05:47.779691+00:00
[2024-07-06T18:05:52.221+0000] {warnings.py:110} WARNING - /home/***/.local/lib/python3.12/site-packages/***/task/task_runner/standard_task_runner.py:61: DeprecationWarning: This process (pid=18475) is multi-threaded, use of fork() may lead to deadlocks in the child.
  pid = os.fork()

[2024-07-06T18:05:52.222+0000] {standard_task_runner.py:63} INFO - Started process 18479 to run task
[2024-07-06T18:05:52.222+0000] {standard_task_runner.py:90} INFO - Running: ['***', 'tasks', 'run', 'podcast_summary', 'load_episodes', 'manual__2024-07-06T18:05:47.779691+00:00', '--job-id', '151', '--raw', '--subdir', 'DAGS_FOLDER/podcast_summary.py', '--cfg-path', '/tmp/tmpgm8o5_nr']
[2024-07-06T18:05:52.224+0000] {standard_task_runner.py:91} INFO - Job 151: Subtask load_episodes
[2024-07-06T18:05:52.244+0000] {task_command.py:426} INFO - Running <TaskInstance: podcast_summary.load_episodes manual__2024-07-06T18:05:47.779691+00:00 [running]> on host 4f6b501c5f6b
[2024-07-06T18:05:52.284+0000] {taskinstance.py:2648} INFO - Exporting env vars: AIRFLOW_CTX_DAG_OWNER='***' AIRFLOW_CTX_DAG_ID='podcast_summary' AIRFLOW_CTX_TASK_ID='load_episodes' AIRFLOW_CTX_EXECUTION_DATE='2024-07-06T18:05:47.779691+00:00' AIRFLOW_CTX_TRY_NUMBER='1' AIRFLOW_CTX_DAG_RUN_ID='manual__2024-07-06T18:05:47.779691+00:00'
[2024-07-06T18:05:52.285+0000] {taskinstance.py:430} INFO - ::endgroup::
[2024-07-06T18:05:52.289+0000] {base.py:84} INFO - Using connection ID 'podcasts' for task execution.
[2024-07-06T18:05:52.295+0000] {base.py:84} INFO - Using connection ID 'podcasts' for task execution.
[2024-07-06T18:05:52.298+0000] {base.py:84} INFO - Using connection ID 'podcasts' for task execution.
[2024-07-06T18:05:52.299+0000] {sql.py:187} WARNING - Placeholder defined in Connection 'None' is not listed in 'DEFAULT_SQL_PLACEHOLDERS' and got ignored. Falling back to the default placeholder '?'.
[2024-07-06T18:05:52.302+0000] {sql.py:593} INFO - Done loading. Loaded a total of 1 rows into episodes
[2024-07-06T18:05:52.302+0000] {python.py:237} INFO - Done. Returned value was: None
[2024-07-06T18:05:52.302+0000] {taskinstance.py:441} INFO - ::group::Post task execution logs
[2024-07-06T18:05:52.306+0000] {taskinstance.py:1206} INFO - Marking task as SUCCESS. dag_id=podcast_summary, task_id=load_episodes, run_id=manual__2024-07-06T18:05:47.779691+00:00, execution_date=20240706T180547, start_date=20240706T180552, end_date=20240706T180552
[2024-07-06T18:05:52.322+0000] {local_task_job_runner.py:240} INFO - Task exited with return code 0
[2024-07-06T18:05:52.330+0000] {taskinstance.py:3498} INFO - 0 downstream tasks scheduled from follow-on schedule check
[2024-07-06T18:05:52.331+0000] {local_task_job_runner.py:222} INFO - ::endgroup::
