[2024-06-27T23:00:04.295+0000] {local_task_job_runner.py:120} INFO - ::group::Pre task execution logs
[2024-06-27T23:00:04.303+0000] {taskinstance.py:2076} INFO - Dependencies all met for dep_context=non-requeueable deps ti=<TaskInstance: welcome_dag.print_random_quote scheduled__2024-06-26T23:00:00+00:00 [queued]>
[2024-06-27T23:00:04.306+0000] {taskinstance.py:2076} INFO - Dependencies all met for dep_context=requeueable deps ti=<TaskInstance: welcome_dag.print_random_quote scheduled__2024-06-26T23:00:00+00:00 [queued]>
[2024-06-27T23:00:04.306+0000] {taskinstance.py:2306} INFO - Starting attempt 1 of 1
[2024-06-27T23:00:04.310+0000] {taskinstance.py:2330} INFO - Executing <Task(PythonOperator): print_random_quote> on 2024-06-26 23:00:00+00:00
[2024-06-27T23:00:04.313+0000] {warnings.py:110} WARNING - /home/***/.local/lib/python3.12/site-packages/***/task/task_runner/standard_task_runner.py:61: DeprecationWarning: This process (pid=55919) is multi-threaded, use of fork() may lead to deadlocks in the child.
  pid = os.fork()

[2024-06-27T23:00:04.314+0000] {standard_task_runner.py:63} INFO - Started process 55921 to run task
[2024-06-27T23:00:04.314+0000] {standard_task_runner.py:90} INFO - Running: ['***', 'tasks', 'run', 'welcome_dag', 'print_random_quote', 'scheduled__2024-06-26T23:00:00+00:00', '--job-id', '90', '--raw', '--subdir', 'DAGS_FOLDER/Welcome_dag.py', '--cfg-path', '/tmp/tmp2w464rvh']
[2024-06-27T23:00:04.316+0000] {standard_task_runner.py:91} INFO - Job 90: Subtask print_random_quote
[2024-06-27T23:00:04.332+0000] {task_command.py:426} INFO - Running <TaskInstance: welcome_dag.print_random_quote scheduled__2024-06-26T23:00:00+00:00 [running]> on host 39cf80e3d564
[2024-06-27T23:00:04.363+0000] {taskinstance.py:2648} INFO - Exporting env vars: AIRFLOW_CTX_DAG_OWNER='***' AIRFLOW_CTX_DAG_ID='welcome_dag' AIRFLOW_CTX_TASK_ID='print_random_quote' AIRFLOW_CTX_EXECUTION_DATE='2024-06-26T23:00:00+00:00' AIRFLOW_CTX_TRY_NUMBER='1' AIRFLOW_CTX_DAG_RUN_ID='scheduled__2024-06-26T23:00:00+00:00'
[2024-06-27T23:00:04.364+0000] {taskinstance.py:430} INFO - ::endgroup::
[2024-06-27T23:00:05.170+0000] {logging_mixin.py:188} INFO - Quote of the day: "Opportunity is missed by most people because it is dressed in overalls and looks like work."
[2024-06-27T23:00:05.174+0000] {python.py:237} INFO - Done. Returned value was: None
[2024-06-27T23:00:05.177+0000] {taskinstance.py:441} INFO - ::group::Post task execution logs
[2024-06-27T23:00:05.191+0000] {taskinstance.py:1206} INFO - Marking task as SUCCESS. dag_id=welcome_dag, task_id=print_random_quote, run_id=scheduled__2024-06-26T23:00:00+00:00, execution_date=20240626T230000, start_date=20240627T230004, end_date=20240627T230005
[2024-06-27T23:00:05.259+0000] {local_task_job_runner.py:240} INFO - Task exited with return code 0
[2024-06-27T23:00:05.277+0000] {taskinstance.py:3498} INFO - 0 downstream tasks scheduled from follow-on schedule check
[2024-06-27T23:00:05.279+0000] {local_task_job_runner.py:222} INFO - ::endgroup::
