[2024-06-29T23:00:09.451+0000] {local_task_job_runner.py:120} INFO - ::group::Pre task execution logs
[2024-06-29T23:00:09.459+0000] {taskinstance.py:2076} INFO - Dependencies all met for dep_context=non-requeueable deps ti=<TaskInstance: welcome_dag.print_random_quote scheduled__2024-06-28T23:00:00+00:00 [queued]>
[2024-06-29T23:00:09.461+0000] {taskinstance.py:2076} INFO - Dependencies all met for dep_context=requeueable deps ti=<TaskInstance: welcome_dag.print_random_quote scheduled__2024-06-28T23:00:00+00:00 [queued]>
[2024-06-29T23:00:09.462+0000] {taskinstance.py:2306} INFO - Starting attempt 1 of 1
[2024-06-29T23:00:09.466+0000] {taskinstance.py:2330} INFO - Executing <Task(PythonOperator): print_random_quote> on 2024-06-28 23:00:00+00:00
[2024-06-29T23:00:09.469+0000] {warnings.py:110} WARNING - /home/***/.local/lib/python3.12/site-packages/***/task/task_runner/standard_task_runner.py:61: DeprecationWarning: This process (pid=66519) is multi-threaded, use of fork() may lead to deadlocks in the child.
  pid = os.fork()

[2024-06-29T23:00:09.470+0000] {standard_task_runner.py:63} INFO - Started process 66521 to run task
[2024-06-29T23:00:09.470+0000] {standard_task_runner.py:90} INFO - Running: ['***', 'tasks', 'run', 'welcome_dag', 'print_random_quote', 'scheduled__2024-06-28T23:00:00+00:00', '--job-id', '96', '--raw', '--subdir', 'DAGS_FOLDER/Welcome_dag.py', '--cfg-path', '/tmp/tmp28u8bzb7']
[2024-06-29T23:00:09.471+0000] {standard_task_runner.py:91} INFO - Job 96: Subtask print_random_quote
[2024-06-29T23:00:09.488+0000] {task_command.py:426} INFO - Running <TaskInstance: welcome_dag.print_random_quote scheduled__2024-06-28T23:00:00+00:00 [running]> on host 39cf80e3d564
[2024-06-29T23:00:09.518+0000] {taskinstance.py:2648} INFO - Exporting env vars: AIRFLOW_CTX_DAG_OWNER='***' AIRFLOW_CTX_DAG_ID='welcome_dag' AIRFLOW_CTX_TASK_ID='print_random_quote' AIRFLOW_CTX_EXECUTION_DATE='2024-06-28T23:00:00+00:00' AIRFLOW_CTX_TRY_NUMBER='1' AIRFLOW_CTX_DAG_RUN_ID='scheduled__2024-06-28T23:00:00+00:00'
[2024-06-29T23:00:09.519+0000] {taskinstance.py:430} INFO - ::endgroup::
[2024-06-29T23:00:09.786+0000] {logging_mixin.py:188} INFO - Quote of the day: "If you spend your whole life waiting for the storm, you'll never enjoy the sunshine."
[2024-06-29T23:00:09.789+0000] {python.py:237} INFO - Done. Returned value was: None
[2024-06-29T23:00:09.791+0000] {taskinstance.py:441} INFO - ::group::Post task execution logs
[2024-06-29T23:00:09.799+0000] {taskinstance.py:1206} INFO - Marking task as SUCCESS. dag_id=welcome_dag, task_id=print_random_quote, run_id=scheduled__2024-06-28T23:00:00+00:00, execution_date=20240628T230000, start_date=20240629T230009, end_date=20240629T230009
[2024-06-29T23:00:09.837+0000] {local_task_job_runner.py:240} INFO - Task exited with return code 0
[2024-06-29T23:00:09.851+0000] {taskinstance.py:3498} INFO - 0 downstream tasks scheduled from follow-on schedule check
[2024-06-29T23:00:09.852+0000] {local_task_job_runner.py:222} INFO - ::endgroup::
