[2024-07-03T23:10:39.507+0000] {local_task_job_runner.py:120} INFO - ::group::Pre task execution logs
[2024-07-03T23:10:39.515+0000] {taskinstance.py:2076} INFO - Dependencies all met for dep_context=non-requeueable deps ti=<TaskInstance: welcome_dag.print_welcome scheduled__2024-07-02T23:00:00+00:00 [queued]>
[2024-07-03T23:10:39.518+0000] {taskinstance.py:2076} INFO - Dependencies all met for dep_context=requeueable deps ti=<TaskInstance: welcome_dag.print_welcome scheduled__2024-07-02T23:00:00+00:00 [queued]>
[2024-07-03T23:10:39.518+0000] {taskinstance.py:2306} INFO - Starting attempt 1 of 1
[2024-07-03T23:10:39.524+0000] {taskinstance.py:2330} INFO - Executing <Task(PythonOperator): print_welcome> on 2024-07-02 23:00:00+00:00
[2024-07-03T23:10:39.528+0000] {warnings.py:110} WARNING - /home/***/.local/lib/python3.12/site-packages/***/task/task_runner/standard_task_runner.py:61: DeprecationWarning: This process (pid=1119) is multi-threaded, use of fork() may lead to deadlocks in the child.
  pid = os.fork()

[2024-07-03T23:10:39.529+0000] {standard_task_runner.py:63} INFO - Started process 1121 to run task
[2024-07-03T23:10:39.530+0000] {standard_task_runner.py:90} INFO - Running: ['***', 'tasks', 'run', 'welcome_dag', 'print_welcome', 'scheduled__2024-07-02T23:00:00+00:00', '--job-id', '108', '--raw', '--subdir', 'DAGS_FOLDER/Welcome_dag.py', '--cfg-path', '/tmp/tmpg6uq3xk3']
[2024-07-03T23:10:39.531+0000] {standard_task_runner.py:91} INFO - Job 108: Subtask print_welcome
[2024-07-03T23:10:39.552+0000] {task_command.py:426} INFO - Running <TaskInstance: welcome_dag.print_welcome scheduled__2024-07-02T23:00:00+00:00 [running]> on host 4f6b501c5f6b
[2024-07-03T23:10:39.590+0000] {taskinstance.py:2648} INFO - Exporting env vars: AIRFLOW_CTX_DAG_OWNER='***' AIRFLOW_CTX_DAG_ID='welcome_dag' AIRFLOW_CTX_TASK_ID='print_welcome' AIRFLOW_CTX_EXECUTION_DATE='2024-07-02T23:00:00+00:00' AIRFLOW_CTX_TRY_NUMBER='1' AIRFLOW_CTX_DAG_RUN_ID='scheduled__2024-07-02T23:00:00+00:00'
[2024-07-03T23:10:39.592+0000] {taskinstance.py:430} INFO - ::endgroup::
[2024-07-03T23:10:39.592+0000] {logging_mixin.py:188} INFO - Welcome to Airflow!
[2024-07-03T23:10:39.592+0000] {python.py:237} INFO - Done. Returned value was: None
[2024-07-03T23:10:39.592+0000] {taskinstance.py:441} INFO - ::group::Post task execution logs
[2024-07-03T23:10:39.596+0000] {taskinstance.py:1206} INFO - Marking task as SUCCESS. dag_id=welcome_dag, task_id=print_welcome, run_id=scheduled__2024-07-02T23:00:00+00:00, execution_date=20240702T230000, start_date=20240703T231039, end_date=20240703T231039
[2024-07-03T23:10:39.641+0000] {local_task_job_runner.py:240} INFO - Task exited with return code 0
[2024-07-03T23:10:39.653+0000] {taskinstance.py:3498} INFO - 1 downstream tasks scheduled from follow-on schedule check
[2024-07-03T23:10:39.654+0000] {local_task_job_runner.py:222} INFO - ::endgroup::
