[2024-06-15T23:08:34.335+0000] {local_task_job_runner.py:120} INFO - ::group::Pre task execution logs
[2024-06-15T23:08:34.342+0000] {taskinstance.py:2076} INFO - Dependencies all met for dep_context=non-requeueable deps ti=<TaskInstance: welcome_dag.print_random_quote scheduled__2024-06-14T23:00:00+00:00 [queued]>
[2024-06-15T23:08:34.345+0000] {taskinstance.py:2076} INFO - Dependencies all met for dep_context=requeueable deps ti=<TaskInstance: welcome_dag.print_random_quote scheduled__2024-06-14T23:00:00+00:00 [queued]>
[2024-06-15T23:08:34.345+0000] {taskinstance.py:2306} INFO - Starting attempt 1 of 1
[2024-06-15T23:08:34.349+0000] {taskinstance.py:2330} INFO - Executing <Task(PythonOperator): print_random_quote> on 2024-06-14 23:00:00+00:00
[2024-06-15T23:08:34.352+0000] {warnings.py:110} WARNING - /home/***/.local/lib/python3.12/site-packages/***/task/task_runner/standard_task_runner.py:61: DeprecationWarning: This process (pid=74428) is multi-threaded, use of fork() may lead to deadlocks in the child.
  pid = os.fork()

[2024-06-15T23:08:34.353+0000] {standard_task_runner.py:63} INFO - Started process 74430 to run task
[2024-06-15T23:08:34.353+0000] {standard_task_runner.py:90} INFO - Running: ['***', 'tasks', 'run', 'welcome_dag', 'print_random_quote', 'scheduled__2024-06-14T23:00:00+00:00', '--job-id', '54', '--raw', '--subdir', 'DAGS_FOLDER/Welcome_dag.py', '--cfg-path', '/tmp/tmp1_9frkzo']
[2024-06-15T23:08:34.355+0000] {standard_task_runner.py:91} INFO - Job 54: Subtask print_random_quote
[2024-06-15T23:08:34.371+0000] {task_command.py:426} INFO - Running <TaskInstance: welcome_dag.print_random_quote scheduled__2024-06-14T23:00:00+00:00 [running]> on host 39cf80e3d564
[2024-06-15T23:08:34.402+0000] {taskinstance.py:2648} INFO - Exporting env vars: AIRFLOW_CTX_DAG_OWNER='***' AIRFLOW_CTX_DAG_ID='welcome_dag' AIRFLOW_CTX_TASK_ID='print_random_quote' AIRFLOW_CTX_EXECUTION_DATE='2024-06-14T23:00:00+00:00' AIRFLOW_CTX_TRY_NUMBER='1' AIRFLOW_CTX_DAG_RUN_ID='scheduled__2024-06-14T23:00:00+00:00'
[2024-06-15T23:08:34.402+0000] {taskinstance.py:430} INFO - ::endgroup::
[2024-06-15T23:08:34.788+0000] {logging_mixin.py:188} INFO - Quote of the day: "Remember always that you not only have the right to be an individual, you have an obligation to be one."
[2024-06-15T23:08:34.789+0000] {python.py:237} INFO - Done. Returned value was: None
[2024-06-15T23:08:34.790+0000] {taskinstance.py:441} INFO - ::group::Post task execution logs
[2024-06-15T23:08:34.798+0000] {taskinstance.py:1206} INFO - Marking task as SUCCESS. dag_id=welcome_dag, task_id=print_random_quote, run_id=scheduled__2024-06-14T23:00:00+00:00, execution_date=20240614T230000, start_date=20240615T230834, end_date=20240615T230834
[2024-06-15T23:08:34.816+0000] {local_task_job_runner.py:240} INFO - Task exited with return code 0
[2024-06-15T23:08:34.826+0000] {taskinstance.py:3498} INFO - 0 downstream tasks scheduled from follow-on schedule check
[2024-06-15T23:08:34.827+0000] {local_task_job_runner.py:222} INFO - ::endgroup::
