[2024-06-18T23:13:20.873+0000] {local_task_job_runner.py:120} INFO - ::group::Pre task execution logs
[2024-06-18T23:13:20.881+0000] {taskinstance.py:2076} INFO - Dependencies all met for dep_context=non-requeueable deps ti=<TaskInstance: welcome_dag.print_random_quote scheduled__2024-06-17T23:00:00+00:00 [queued]>
[2024-06-18T23:13:20.883+0000] {taskinstance.py:2076} INFO - Dependencies all met for dep_context=requeueable deps ti=<TaskInstance: welcome_dag.print_random_quote scheduled__2024-06-17T23:00:00+00:00 [queued]>
[2024-06-18T23:13:20.883+0000] {taskinstance.py:2306} INFO - Starting attempt 1 of 1
[2024-06-18T23:13:20.889+0000] {taskinstance.py:2330} INFO - Executing <Task(PythonOperator): print_random_quote> on 2024-06-17 23:00:00+00:00
[2024-06-18T23:13:20.892+0000] {warnings.py:110} WARNING - /home/***/.local/lib/python3.12/site-packages/***/task/task_runner/standard_task_runner.py:61: DeprecationWarning: This process (pid=94683) is multi-threaded, use of fork() may lead to deadlocks in the child.
  pid = os.fork()

[2024-06-18T23:13:20.892+0000] {standard_task_runner.py:63} INFO - Started process 94685 to run task
[2024-06-18T23:13:20.893+0000] {standard_task_runner.py:90} INFO - Running: ['***', 'tasks', 'run', 'welcome_dag', 'print_random_quote', 'scheduled__2024-06-17T23:00:00+00:00', '--job-id', '63', '--raw', '--subdir', 'DAGS_FOLDER/Welcome_dag.py', '--cfg-path', '/tmp/tmp0cbto700']
[2024-06-18T23:13:20.894+0000] {standard_task_runner.py:91} INFO - Job 63: Subtask print_random_quote
[2024-06-18T23:13:20.911+0000] {task_command.py:426} INFO - Running <TaskInstance: welcome_dag.print_random_quote scheduled__2024-06-17T23:00:00+00:00 [running]> on host 39cf80e3d564
[2024-06-18T23:13:20.940+0000] {taskinstance.py:2648} INFO - Exporting env vars: AIRFLOW_CTX_DAG_OWNER='***' AIRFLOW_CTX_DAG_ID='welcome_dag' AIRFLOW_CTX_TASK_ID='print_random_quote' AIRFLOW_CTX_EXECUTION_DATE='2024-06-17T23:00:00+00:00' AIRFLOW_CTX_TRY_NUMBER='1' AIRFLOW_CTX_DAG_RUN_ID='scheduled__2024-06-17T23:00:00+00:00'
[2024-06-18T23:13:20.941+0000] {taskinstance.py:430} INFO - ::endgroup::
[2024-06-18T23:13:21.261+0000] {logging_mixin.py:188} INFO - Quote of the day: "It is difficult to achieve a spirit of genuine cooperation as long as people remain indifferent to the feelings and happiness of others."
[2024-06-18T23:13:21.262+0000] {python.py:237} INFO - Done. Returned value was: None
[2024-06-18T23:13:21.263+0000] {taskinstance.py:441} INFO - ::group::Post task execution logs
[2024-06-18T23:13:21.270+0000] {taskinstance.py:1206} INFO - Marking task as SUCCESS. dag_id=welcome_dag, task_id=print_random_quote, run_id=scheduled__2024-06-17T23:00:00+00:00, execution_date=20240617T230000, start_date=20240618T231320, end_date=20240618T231321
[2024-06-18T23:13:21.308+0000] {local_task_job_runner.py:240} INFO - Task exited with return code 0
[2024-06-18T23:13:21.319+0000] {taskinstance.py:3498} INFO - 0 downstream tasks scheduled from follow-on schedule check
[2024-06-18T23:13:21.320+0000] {local_task_job_runner.py:222} INFO - ::endgroup::
