[2024-07-05T21:17:41.161+0000] {local_task_job_runner.py:120} INFO - ::group::Pre task execution logs
[2024-07-05T21:17:41.174+0000] {taskinstance.py:2076} INFO - Dependencies all met for dep_context=non-requeueable deps ti=<TaskInstance: podcast_summary.create_table_sqlite manual__2024-07-05T21:17:39.581905+00:00 [queued]>
[2024-07-05T21:17:41.178+0000] {taskinstance.py:2076} INFO - Dependencies all met for dep_context=requeueable deps ti=<TaskInstance: podcast_summary.create_table_sqlite manual__2024-07-05T21:17:39.581905+00:00 [queued]>
[2024-07-05T21:17:41.178+0000] {taskinstance.py:2306} INFO - Starting attempt 1 of 1
[2024-07-05T21:17:41.183+0000] {taskinstance.py:2330} INFO - Executing <Task(SqliteOperator): create_table_sqlite> on 2024-07-05 21:17:39.581905+00:00
[2024-07-05T21:17:41.188+0000] {warnings.py:110} WARNING - /home/***/.local/lib/python3.12/site-packages/***/task/task_runner/standard_task_runner.py:61: DeprecationWarning: This process (pid=13875) is multi-threaded, use of fork() may lead to deadlocks in the child.
  pid = os.fork()

[2024-07-05T21:17:41.189+0000] {standard_task_runner.py:63} INFO - Started process 13877 to run task
[2024-07-05T21:17:41.189+0000] {standard_task_runner.py:90} INFO - Running: ['***', 'tasks', 'run', 'podcast_summary', 'create_table_sqlite', 'manual__2024-07-05T21:17:39.581905+00:00', '--job-id', '128', '--raw', '--subdir', 'DAGS_FOLDER/podcast_summary.py', '--cfg-path', '/tmp/tmpvqudk25f']
[2024-07-05T21:17:41.193+0000] {standard_task_runner.py:91} INFO - Job 128: Subtask create_table_sqlite
[2024-07-05T21:17:41.222+0000] {task_command.py:426} INFO - Running <TaskInstance: podcast_summary.create_table_sqlite manual__2024-07-05T21:17:39.581905+00:00 [running]> on host 4f6b501c5f6b
[2024-07-05T21:17:41.280+0000] {taskinstance.py:2648} INFO - Exporting env vars: AIRFLOW_CTX_DAG_OWNER='***' AIRFLOW_CTX_DAG_ID='podcast_summary' AIRFLOW_CTX_TASK_ID='create_table_sqlite' AIRFLOW_CTX_EXECUTION_DATE='2024-07-05T21:17:39.581905+00:00' AIRFLOW_CTX_TRY_NUMBER='1' AIRFLOW_CTX_DAG_RUN_ID='manual__2024-07-05T21:17:39.581905+00:00'
[2024-07-05T21:17:41.284+0000] {taskinstance.py:430} INFO - ::endgroup::
[2024-07-05T21:17:41.286+0000] {sql.py:276} INFO - Executing: 
        CREATE TABLE IF NOT EXISTS episodes (
            link TEXT PRIMARY KEY,
            title TEXT,
            filename TEXT,
            published TEXT,
            description TEXT,
            transcript TEXT
        );
        
[2024-07-05T21:17:41.295+0000] {base.py:84} INFO - Using connection ID 'podcasts' for task execution.
[2024-07-05T21:17:41.300+0000] {base.py:84} INFO - Using connection ID 'podcasts' for task execution.
[2024-07-05T21:17:41.301+0000] {sql.py:470} INFO - Running statement: 
        CREATE TABLE IF NOT EXISTS episodes (
            link TEXT PRIMARY KEY,
            title TEXT,
            filename TEXT,
            published TEXT,
            description TEXT,
            transcript TEXT
        );
        , parameters: None
[2024-07-05T21:17:41.302+0000] {taskinstance.py:441} INFO - ::group::Post task execution logs
[2024-07-05T21:17:41.308+0000] {taskinstance.py:1206} INFO - Marking task as SUCCESS. dag_id=podcast_summary, task_id=create_table_sqlite, run_id=manual__2024-07-05T21:17:39.581905+00:00, execution_date=20240705T211739, start_date=20240705T211741, end_date=20240705T211741
[2024-07-05T21:17:41.331+0000] {local_task_job_runner.py:240} INFO - Task exited with return code 0
[2024-07-05T21:17:41.337+0000] {warnings.py:110} WARNING - /home/***/.local/lib/python3.12/site-packages/***/models/baseoperator.py:1296: AirflowProviderDeprecationWarning: Call to deprecated class SqliteOperator. (Please use `***.providers.common.sql.operators.sql.SQLExecuteQueryOperator`.)
  result = cls.__new__(cls)

[2024-07-05T21:17:41.344+0000] {taskinstance.py:3498} INFO - 1 downstream tasks scheduled from follow-on schedule check
[2024-07-05T21:17:41.345+0000] {local_task_job_runner.py:222} INFO - ::endgroup::
