[2024-06-08T23:24:38.531+0000] {local_task_job_runner.py:120} INFO - ::group::Pre task execution logs
[2024-06-08T23:24:38.540+0000] {taskinstance.py:2076} INFO - Dependencies all met for dep_context=non-requeueable deps ti=<TaskInstance: welcome_dag.print_welcome scheduled__2024-06-07T23:00:00+00:00 [queued]>
[2024-06-08T23:24:38.543+0000] {taskinstance.py:2076} INFO - Dependencies all met for dep_context=requeueable deps ti=<TaskInstance: welcome_dag.print_welcome scheduled__2024-06-07T23:00:00+00:00 [queued]>
[2024-06-08T23:24:38.543+0000] {taskinstance.py:2306} INFO - Starting attempt 1 of 1
[2024-06-08T23:24:38.548+0000] {taskinstance.py:2330} INFO - Executing <Task(PythonOperator): print_welcome> on 2024-06-07 23:00:00+00:00
[2024-06-08T23:24:38.552+0000] {warnings.py:110} WARNING - /home/***/.local/lib/python3.12/site-packages/***/task/task_runner/standard_task_runner.py:61: DeprecationWarning: This process (pid=28367) is multi-threaded, use of fork() may lead to deadlocks in the child.
  pid = os.fork()

[2024-06-08T23:24:38.553+0000] {standard_task_runner.py:63} INFO - Started process 28369 to run task
[2024-06-08T23:24:38.552+0000] {standard_task_runner.py:90} INFO - Running: ['***', 'tasks', 'run', 'welcome_dag', 'print_welcome', 'scheduled__2024-06-07T23:00:00+00:00', '--job-id', '30', '--raw', '--subdir', 'DAGS_FOLDER/Welcome_dag.py', '--cfg-path', '/tmp/tmpizpnmcni']
[2024-06-08T23:24:38.554+0000] {standard_task_runner.py:91} INFO - Job 30: Subtask print_welcome
[2024-06-08T23:24:38.575+0000] {task_command.py:426} INFO - Running <TaskInstance: welcome_dag.print_welcome scheduled__2024-06-07T23:00:00+00:00 [running]> on host 39cf80e3d564
[2024-06-08T23:24:38.614+0000] {taskinstance.py:2648} INFO - Exporting env vars: AIRFLOW_CTX_DAG_OWNER='***' AIRFLOW_CTX_DAG_ID='welcome_dag' AIRFLOW_CTX_TASK_ID='print_welcome' AIRFLOW_CTX_EXECUTION_DATE='2024-06-07T23:00:00+00:00' AIRFLOW_CTX_TRY_NUMBER='1' AIRFLOW_CTX_DAG_RUN_ID='scheduled__2024-06-07T23:00:00+00:00'
[2024-06-08T23:24:38.615+0000] {taskinstance.py:430} INFO - ::endgroup::
[2024-06-08T23:24:38.615+0000] {logging_mixin.py:188} INFO - Welcome to Airflow!
[2024-06-08T23:24:38.616+0000] {python.py:237} INFO - Done. Returned value was: None
[2024-06-08T23:24:38.616+0000] {taskinstance.py:441} INFO - ::group::Post task execution logs
[2024-06-08T23:24:38.619+0000] {taskinstance.py:1206} INFO - Marking task as SUCCESS. dag_id=welcome_dag, task_id=print_welcome, run_id=scheduled__2024-06-07T23:00:00+00:00, execution_date=20240607T230000, start_date=20240608T232438, end_date=20240608T232438
[2024-06-08T23:24:38.653+0000] {local_task_job_runner.py:240} INFO - Task exited with return code 0
[2024-06-08T23:24:38.664+0000] {taskinstance.py:3498} INFO - 1 downstream tasks scheduled from follow-on schedule check
[2024-06-08T23:24:38.665+0000] {local_task_job_runner.py:222} INFO - ::endgroup::
