[2024-07-07T00:09:27.588+0000] {local_task_job_runner.py:120} INFO - ::group::Pre task execution logs
[2024-07-07T00:09:27.601+0000] {taskinstance.py:2076} INFO - Dependencies all met for dep_context=non-requeueable deps ti=<TaskInstance: podcast_summary.create_table_sqlite scheduled__2024-07-06T00:00:00+00:00 [queued]>
[2024-07-07T00:09:27.647+0000] {taskinstance.py:2076} INFO - Dependencies all met for dep_context=requeueable deps ti=<TaskInstance: podcast_summary.create_table_sqlite scheduled__2024-07-06T00:00:00+00:00 [queued]>
[2024-07-07T00:09:27.649+0000] {taskinstance.py:2306} INFO - Starting attempt 1 of 1
[2024-07-07T00:09:27.676+0000] {taskinstance.py:2330} INFO - Executing <Task(SqliteOperator): create_table_sqlite> on 2024-07-06 00:00:00+00:00
[2024-07-07T00:09:27.684+0000] {warnings.py:110} WARNING - /home/***/.local/lib/python3.12/site-packages/***/task/task_runner/standard_task_runner.py:61: DeprecationWarning: This process (pid=19830) is multi-threaded, use of fork() may lead to deadlocks in the child.
  pid = os.fork()

[2024-07-07T00:09:27.686+0000] {standard_task_runner.py:63} INFO - Started process 19832 to run task
[2024-07-07T00:09:27.687+0000] {standard_task_runner.py:90} INFO - Running: ['***', 'tasks', 'run', 'podcast_summary', 'create_table_sqlite', 'scheduled__2024-07-06T00:00:00+00:00', '--job-id', '160', '--raw', '--subdir', 'DAGS_FOLDER/podcast_summary.py', '--cfg-path', '/tmp/tmpzf44owll']
[2024-07-07T00:09:27.690+0000] {standard_task_runner.py:91} INFO - Job 160: Subtask create_table_sqlite
[2024-07-07T00:09:27.727+0000] {task_command.py:426} INFO - Running <TaskInstance: podcast_summary.create_table_sqlite scheduled__2024-07-06T00:00:00+00:00 [running]> on host 4f6b501c5f6b
[2024-07-07T00:09:27.777+0000] {taskinstance.py:2648} INFO - Exporting env vars: AIRFLOW_CTX_DAG_OWNER='***' AIRFLOW_CTX_DAG_ID='podcast_summary' AIRFLOW_CTX_TASK_ID='create_table_sqlite' AIRFLOW_CTX_EXECUTION_DATE='2024-07-06T00:00:00+00:00' AIRFLOW_CTX_TRY_NUMBER='1' AIRFLOW_CTX_DAG_RUN_ID='scheduled__2024-07-06T00:00:00+00:00'
[2024-07-07T00:09:27.778+0000] {taskinstance.py:430} INFO - ::endgroup::
[2024-07-07T00:09:27.779+0000] {sql.py:276} INFO - Executing: 
        CREATE TABLE IF NOT EXISTS episodes (
            link TEXT PRIMARY KEY,
            title TEXT,
            filename TEXT,
            published TEXT,
            description TEXT,
            transcript TEXT
        );
        
[2024-07-07T00:09:27.783+0000] {base.py:84} INFO - Using connection ID 'podcasts' for task execution.
[2024-07-07T00:09:27.786+0000] {base.py:84} INFO - Using connection ID 'podcasts' for task execution.
[2024-07-07T00:09:27.789+0000] {sql.py:470} INFO - Running statement: 
        CREATE TABLE IF NOT EXISTS episodes (
            link TEXT PRIMARY KEY,
            title TEXT,
            filename TEXT,
            published TEXT,
            description TEXT,
            transcript TEXT
        );
        , parameters: None
[2024-07-07T00:09:27.791+0000] {taskinstance.py:441} INFO - ::group::Post task execution logs
[2024-07-07T00:09:27.795+0000] {taskinstance.py:1206} INFO - Marking task as SUCCESS. dag_id=podcast_summary, task_id=create_table_sqlite, run_id=scheduled__2024-07-06T00:00:00+00:00, execution_date=20240706T000000, start_date=20240707T000927, end_date=20240707T000927
[2024-07-07T00:09:27.828+0000] {local_task_job_runner.py:240} INFO - Task exited with return code 0
[2024-07-07T00:09:27.836+0000] {warnings.py:110} WARNING - /home/***/.local/lib/python3.12/site-packages/***/models/baseoperator.py:1296: AirflowProviderDeprecationWarning: Call to deprecated class SqliteOperator. (Please use `***.providers.common.sql.operators.sql.SQLExecuteQueryOperator`.)
  result = cls.__new__(cls)

[2024-07-07T00:09:27.848+0000] {taskinstance.py:3498} INFO - 1 downstream tasks scheduled from follow-on schedule check
[2024-07-07T00:09:27.850+0000] {local_task_job_runner.py:222} INFO - ::endgroup::
