[2024-07-06T18:07:09.823+0000] {local_task_job_runner.py:120} INFO - ::group::Pre task execution logs
[2024-07-06T18:07:09.833+0000] {taskinstance.py:2076} INFO - Dependencies all met for dep_context=non-requeueable deps ti=<TaskInstance: podcast_summary.create_table_sqlite manual__2024-07-06T18:07:08.435543+00:00 [queued]>
[2024-07-06T18:07:09.836+0000] {taskinstance.py:2076} INFO - Dependencies all met for dep_context=requeueable deps ti=<TaskInstance: podcast_summary.create_table_sqlite manual__2024-07-06T18:07:08.435543+00:00 [queued]>
[2024-07-06T18:07:09.837+0000] {taskinstance.py:2306} INFO - Starting attempt 1 of 1
[2024-07-06T18:07:09.842+0000] {taskinstance.py:2330} INFO - Executing <Task(SqliteOperator): create_table_sqlite> on 2024-07-06 18:07:08.435543+00:00
[2024-07-06T18:07:09.847+0000] {warnings.py:110} WARNING - /home/***/.local/lib/python3.12/site-packages/***/task/task_runner/standard_task_runner.py:61: DeprecationWarning: This process (pid=18495) is multi-threaded, use of fork() may lead to deadlocks in the child.
  pid = os.fork()

[2024-07-06T18:07:09.848+0000] {standard_task_runner.py:63} INFO - Started process 18497 to run task
[2024-07-06T18:07:09.849+0000] {standard_task_runner.py:90} INFO - Running: ['***', 'tasks', 'run', 'podcast_summary', 'create_table_sqlite', 'manual__2024-07-06T18:07:08.435543+00:00', '--job-id', '153', '--raw', '--subdir', 'DAGS_FOLDER/podcast_summary.py', '--cfg-path', '/tmp/tmppiv3ygbi']
[2024-07-06T18:07:09.851+0000] {standard_task_runner.py:91} INFO - Job 153: Subtask create_table_sqlite
[2024-07-06T18:07:09.881+0000] {task_command.py:426} INFO - Running <TaskInstance: podcast_summary.create_table_sqlite manual__2024-07-06T18:07:08.435543+00:00 [running]> on host 4f6b501c5f6b
[2024-07-06T18:07:09.916+0000] {taskinstance.py:2648} INFO - Exporting env vars: AIRFLOW_CTX_DAG_OWNER='***' AIRFLOW_CTX_DAG_ID='podcast_summary' AIRFLOW_CTX_TASK_ID='create_table_sqlite' AIRFLOW_CTX_EXECUTION_DATE='2024-07-06T18:07:08.435543+00:00' AIRFLOW_CTX_TRY_NUMBER='1' AIRFLOW_CTX_DAG_RUN_ID='manual__2024-07-06T18:07:08.435543+00:00'
[2024-07-06T18:07:09.917+0000] {taskinstance.py:430} INFO - ::endgroup::
[2024-07-06T18:07:09.917+0000] {sql.py:276} INFO - Executing: 
        CREATE TABLE IF NOT EXISTS episodes (
            link TEXT PRIMARY KEY,
            title TEXT,
            filename TEXT,
            published TEXT,
            description TEXT,
            transcript TEXT
        );
        
[2024-07-06T18:07:09.920+0000] {base.py:84} INFO - Using connection ID 'podcasts' for task execution.
[2024-07-06T18:07:09.924+0000] {base.py:84} INFO - Using connection ID 'podcasts' for task execution.
[2024-07-06T18:07:09.924+0000] {sql.py:470} INFO - Running statement: 
        CREATE TABLE IF NOT EXISTS episodes (
            link TEXT PRIMARY KEY,
            title TEXT,
            filename TEXT,
            published TEXT,
            description TEXT,
            transcript TEXT
        );
        , parameters: None
[2024-07-06T18:07:09.925+0000] {taskinstance.py:441} INFO - ::group::Post task execution logs
[2024-07-06T18:07:09.929+0000] {taskinstance.py:1206} INFO - Marking task as SUCCESS. dag_id=podcast_summary, task_id=create_table_sqlite, run_id=manual__2024-07-06T18:07:08.435543+00:00, execution_date=20240706T180708, start_date=20240706T180709, end_date=20240706T180709
[2024-07-06T18:07:09.956+0000] {local_task_job_runner.py:240} INFO - Task exited with return code 0
[2024-07-06T18:07:09.962+0000] {warnings.py:110} WARNING - /home/***/.local/lib/python3.12/site-packages/***/models/baseoperator.py:1296: AirflowProviderDeprecationWarning: Call to deprecated class SqliteOperator. (Please use `***.providers.common.sql.operators.sql.SQLExecuteQueryOperator`.)
  result = cls.__new__(cls)

[2024-07-06T18:07:09.969+0000] {taskinstance.py:3498} INFO - 1 downstream tasks scheduled from follow-on schedule check
[2024-07-06T18:07:09.970+0000] {local_task_job_runner.py:222} INFO - ::endgroup::
