[2024-07-05T21:20:52.649+0000] {local_task_job_runner.py:120} INFO - ::group::Pre task execution logs
[2024-07-05T21:20:52.659+0000] {taskinstance.py:2076} INFO - Dependencies all met for dep_context=non-requeueable deps ti=<TaskInstance: podcast_summary.load_episodes manual__2024-07-05T21:20:48.896169+00:00 [queued]>
[2024-07-05T21:20:52.662+0000] {taskinstance.py:2076} INFO - Dependencies all met for dep_context=requeueable deps ti=<TaskInstance: podcast_summary.load_episodes manual__2024-07-05T21:20:48.896169+00:00 [queued]>
[2024-07-05T21:20:52.662+0000] {taskinstance.py:2306} INFO - Starting attempt 1 of 1
[2024-07-05T21:20:52.667+0000] {taskinstance.py:2330} INFO - Executing <Task(_PythonDecoratedOperator): load_episodes> on 2024-07-05 21:20:48.896169+00:00
[2024-07-05T21:20:52.670+0000] {warnings.py:110} WARNING - /home/***/.local/lib/python3.12/site-packages/***/task/task_runner/standard_task_runner.py:61: DeprecationWarning: This process (pid=13932) is multi-threaded, use of fork() may lead to deadlocks in the child.
  pid = os.fork()

[2024-07-05T21:20:52.671+0000] {standard_task_runner.py:63} INFO - Started process 13934 to run task
[2024-07-05T21:20:52.671+0000] {standard_task_runner.py:90} INFO - Running: ['***', 'tasks', 'run', 'podcast_summary', 'load_episodes', 'manual__2024-07-05T21:20:48.896169+00:00', '--job-id', '133', '--raw', '--subdir', 'DAGS_FOLDER/podcast_summary.py', '--cfg-path', '/tmp/tmprpdn6ypb']
[2024-07-05T21:20:52.672+0000] {standard_task_runner.py:91} INFO - Job 133: Subtask load_episodes
[2024-07-05T21:20:52.690+0000] {task_command.py:426} INFO - Running <TaskInstance: podcast_summary.load_episodes manual__2024-07-05T21:20:48.896169+00:00 [running]> on host 4f6b501c5f6b
[2024-07-05T21:20:52.726+0000] {taskinstance.py:2648} INFO - Exporting env vars: AIRFLOW_CTX_DAG_OWNER='***' AIRFLOW_CTX_DAG_ID='podcast_summary' AIRFLOW_CTX_TASK_ID='load_episodes' AIRFLOW_CTX_EXECUTION_DATE='2024-07-05T21:20:48.896169+00:00' AIRFLOW_CTX_TRY_NUMBER='1' AIRFLOW_CTX_DAG_RUN_ID='manual__2024-07-05T21:20:48.896169+00:00'
[2024-07-05T21:20:52.727+0000] {taskinstance.py:430} INFO - ::endgroup::
[2024-07-05T21:20:52.730+0000] {base.py:84} INFO - Using connection ID 'podcasts' for task execution.
[2024-07-05T21:20:52.734+0000] {base.py:84} INFO - Using connection ID 'podcasts' for task execution.
[2024-07-05T21:20:52.736+0000] {base.py:84} INFO - Using connection ID 'podcasts' for task execution.
[2024-07-05T21:20:52.736+0000] {sql.py:187} WARNING - Placeholder defined in Connection 'None' is not listed in 'DEFAULT_SQL_PLACEHOLDERS' and got ignored. Falling back to the default placeholder '?'.
[2024-07-05T21:20:52.738+0000] {base.py:84} INFO - Using connection ID 'podcasts' for task execution.
[2024-07-05T21:20:52.738+0000] {sql.py:187} WARNING - Placeholder defined in Connection 'None' is not listed in 'DEFAULT_SQL_PLACEHOLDERS' and got ignored. Falling back to the default placeholder '?'.
[2024-07-05T21:20:52.740+0000] {base.py:84} INFO - Using connection ID 'podcasts' for task execution.
[2024-07-05T21:20:52.740+0000] {sql.py:187} WARNING - Placeholder defined in Connection 'None' is not listed in 'DEFAULT_SQL_PLACEHOLDERS' and got ignored. Falling back to the default placeholder '?'.
[2024-07-05T21:20:52.742+0000] {base.py:84} INFO - Using connection ID 'podcasts' for task execution.
[2024-07-05T21:20:52.742+0000] {sql.py:187} WARNING - Placeholder defined in Connection 'None' is not listed in 'DEFAULT_SQL_PLACEHOLDERS' and got ignored. Falling back to the default placeholder '?'.
[2024-07-05T21:20:52.744+0000] {base.py:84} INFO - Using connection ID 'podcasts' for task execution.
[2024-07-05T21:20:52.745+0000] {sql.py:187} WARNING - Placeholder defined in Connection 'None' is not listed in 'DEFAULT_SQL_PLACEHOLDERS' and got ignored. Falling back to the default placeholder '?'.
[2024-07-05T21:20:52.746+0000] {base.py:84} INFO - Using connection ID 'podcasts' for task execution.
[2024-07-05T21:20:52.747+0000] {sql.py:187} WARNING - Placeholder defined in Connection 'None' is not listed in 'DEFAULT_SQL_PLACEHOLDERS' and got ignored. Falling back to the default placeholder '?'.
[2024-07-05T21:20:52.749+0000] {base.py:84} INFO - Using connection ID 'podcasts' for task execution.
[2024-07-05T21:20:52.750+0000] {sql.py:187} WARNING - Placeholder defined in Connection 'None' is not listed in 'DEFAULT_SQL_PLACEHOLDERS' and got ignored. Falling back to the default placeholder '?'.
[2024-07-05T21:20:52.752+0000] {base.py:84} INFO - Using connection ID 'podcasts' for task execution.
[2024-07-05T21:20:52.752+0000] {sql.py:187} WARNING - Placeholder defined in Connection 'None' is not listed in 'DEFAULT_SQL_PLACEHOLDERS' and got ignored. Falling back to the default placeholder '?'.
[2024-07-05T21:20:52.754+0000] {base.py:84} INFO - Using connection ID 'podcasts' for task execution.
[2024-07-05T21:20:52.754+0000] {sql.py:187} WARNING - Placeholder defined in Connection 'None' is not listed in 'DEFAULT_SQL_PLACEHOLDERS' and got ignored. Falling back to the default placeholder '?'.
[2024-07-05T21:20:52.756+0000] {base.py:84} INFO - Using connection ID 'podcasts' for task execution.
[2024-07-05T21:20:52.757+0000] {sql.py:187} WARNING - Placeholder defined in Connection 'None' is not listed in 'DEFAULT_SQL_PLACEHOLDERS' and got ignored. Falling back to the default placeholder '?'.
[2024-07-05T21:20:52.759+0000] {base.py:84} INFO - Using connection ID 'podcasts' for task execution.
[2024-07-05T21:20:52.759+0000] {sql.py:187} WARNING - Placeholder defined in Connection 'None' is not listed in 'DEFAULT_SQL_PLACEHOLDERS' and got ignored. Falling back to the default placeholder '?'.
[2024-07-05T21:20:52.761+0000] {base.py:84} INFO - Using connection ID 'podcasts' for task execution.
[2024-07-05T21:20:52.761+0000] {sql.py:187} WARNING - Placeholder defined in Connection 'None' is not listed in 'DEFAULT_SQL_PLACEHOLDERS' and got ignored. Falling back to the default placeholder '?'.
[2024-07-05T21:20:52.763+0000] {base.py:84} INFO - Using connection ID 'podcasts' for task execution.
[2024-07-05T21:20:52.763+0000] {sql.py:187} WARNING - Placeholder defined in Connection 'None' is not listed in 'DEFAULT_SQL_PLACEHOLDERS' and got ignored. Falling back to the default placeholder '?'.
[2024-07-05T21:20:52.765+0000] {base.py:84} INFO - Using connection ID 'podcasts' for task execution.
[2024-07-05T21:20:52.766+0000] {sql.py:187} WARNING - Placeholder defined in Connection 'None' is not listed in 'DEFAULT_SQL_PLACEHOLDERS' and got ignored. Falling back to the default placeholder '?'.
[2024-07-05T21:20:52.768+0000] {base.py:84} INFO - Using connection ID 'podcasts' for task execution.
[2024-07-05T21:20:52.769+0000] {sql.py:187} WARNING - Placeholder defined in Connection 'None' is not listed in 'DEFAULT_SQL_PLACEHOLDERS' and got ignored. Falling back to the default placeholder '?'.
[2024-07-05T21:20:52.771+0000] {base.py:84} INFO - Using connection ID 'podcasts' for task execution.
[2024-07-05T21:20:52.771+0000] {sql.py:187} WARNING - Placeholder defined in Connection 'None' is not listed in 'DEFAULT_SQL_PLACEHOLDERS' and got ignored. Falling back to the default placeholder '?'.
[2024-07-05T21:20:52.773+0000] {base.py:84} INFO - Using connection ID 'podcasts' for task execution.
[2024-07-05T21:20:52.773+0000] {sql.py:187} WARNING - Placeholder defined in Connection 'None' is not listed in 'DEFAULT_SQL_PLACEHOLDERS' and got ignored. Falling back to the default placeholder '?'.
[2024-07-05T21:20:52.775+0000] {base.py:84} INFO - Using connection ID 'podcasts' for task execution.
[2024-07-05T21:20:52.775+0000] {sql.py:187} WARNING - Placeholder defined in Connection 'None' is not listed in 'DEFAULT_SQL_PLACEHOLDERS' and got ignored. Falling back to the default placeholder '?'.
[2024-07-05T21:20:52.777+0000] {base.py:84} INFO - Using connection ID 'podcasts' for task execution.
[2024-07-05T21:20:52.777+0000] {sql.py:187} WARNING - Placeholder defined in Connection 'None' is not listed in 'DEFAULT_SQL_PLACEHOLDERS' and got ignored. Falling back to the default placeholder '?'.
[2024-07-05T21:20:52.779+0000] {base.py:84} INFO - Using connection ID 'podcasts' for task execution.
[2024-07-05T21:20:52.780+0000] {sql.py:187} WARNING - Placeholder defined in Connection 'None' is not listed in 'DEFAULT_SQL_PLACEHOLDERS' and got ignored. Falling back to the default placeholder '?'.
[2024-07-05T21:20:52.781+0000] {base.py:84} INFO - Using connection ID 'podcasts' for task execution.
[2024-07-05T21:20:52.782+0000] {sql.py:187} WARNING - Placeholder defined in Connection 'None' is not listed in 'DEFAULT_SQL_PLACEHOLDERS' and got ignored. Falling back to the default placeholder '?'.
[2024-07-05T21:20:52.783+0000] {base.py:84} INFO - Using connection ID 'podcasts' for task execution.
[2024-07-05T21:20:52.784+0000] {sql.py:187} WARNING - Placeholder defined in Connection 'None' is not listed in 'DEFAULT_SQL_PLACEHOLDERS' and got ignored. Falling back to the default placeholder '?'.
[2024-07-05T21:20:52.785+0000] {base.py:84} INFO - Using connection ID 'podcasts' for task execution.
[2024-07-05T21:20:52.786+0000] {sql.py:187} WARNING - Placeholder defined in Connection 'None' is not listed in 'DEFAULT_SQL_PLACEHOLDERS' and got ignored. Falling back to the default placeholder '?'.
[2024-07-05T21:20:52.787+0000] {base.py:84} INFO - Using connection ID 'podcasts' for task execution.
[2024-07-05T21:20:52.788+0000] {sql.py:187} WARNING - Placeholder defined in Connection 'None' is not listed in 'DEFAULT_SQL_PLACEHOLDERS' and got ignored. Falling back to the default placeholder '?'.
[2024-07-05T21:20:52.790+0000] {base.py:84} INFO - Using connection ID 'podcasts' for task execution.
[2024-07-05T21:20:52.790+0000] {sql.py:187} WARNING - Placeholder defined in Connection 'None' is not listed in 'DEFAULT_SQL_PLACEHOLDERS' and got ignored. Falling back to the default placeholder '?'.
[2024-07-05T21:20:52.792+0000] {base.py:84} INFO - Using connection ID 'podcasts' for task execution.
[2024-07-05T21:20:52.792+0000] {sql.py:187} WARNING - Placeholder defined in Connection 'None' is not listed in 'DEFAULT_SQL_PLACEHOLDERS' and got ignored. Falling back to the default placeholder '?'.
[2024-07-05T21:20:52.794+0000] {base.py:84} INFO - Using connection ID 'podcasts' for task execution.
[2024-07-05T21:20:52.794+0000] {sql.py:187} WARNING - Placeholder defined in Connection 'None' is not listed in 'DEFAULT_SQL_PLACEHOLDERS' and got ignored. Falling back to the default placeholder '?'.
[2024-07-05T21:20:52.796+0000] {base.py:84} INFO - Using connection ID 'podcasts' for task execution.
[2024-07-05T21:20:52.796+0000] {sql.py:187} WARNING - Placeholder defined in Connection 'None' is not listed in 'DEFAULT_SQL_PLACEHOLDERS' and got ignored. Falling back to the default placeholder '?'.
[2024-07-05T21:20:52.798+0000] {base.py:84} INFO - Using connection ID 'podcasts' for task execution.
[2024-07-05T21:20:52.798+0000] {sql.py:187} WARNING - Placeholder defined in Connection 'None' is not listed in 'DEFAULT_SQL_PLACEHOLDERS' and got ignored. Falling back to the default placeholder '?'.
[2024-07-05T21:20:52.800+0000] {base.py:84} INFO - Using connection ID 'podcasts' for task execution.
[2024-07-05T21:20:52.800+0000] {sql.py:187} WARNING - Placeholder defined in Connection 'None' is not listed in 'DEFAULT_SQL_PLACEHOLDERS' and got ignored. Falling back to the default placeholder '?'.
[2024-07-05T21:20:52.802+0000] {base.py:84} INFO - Using connection ID 'podcasts' for task execution.
[2024-07-05T21:20:52.802+0000] {sql.py:187} WARNING - Placeholder defined in Connection 'None' is not listed in 'DEFAULT_SQL_PLACEHOLDERS' and got ignored. Falling back to the default placeholder '?'.
[2024-07-05T21:20:52.804+0000] {base.py:84} INFO - Using connection ID 'podcasts' for task execution.
[2024-07-05T21:20:52.804+0000] {sql.py:187} WARNING - Placeholder defined in Connection 'None' is not listed in 'DEFAULT_SQL_PLACEHOLDERS' and got ignored. Falling back to the default placeholder '?'.
[2024-07-05T21:20:52.806+0000] {base.py:84} INFO - Using connection ID 'podcasts' for task execution.
[2024-07-05T21:20:52.806+0000] {sql.py:187} WARNING - Placeholder defined in Connection 'None' is not listed in 'DEFAULT_SQL_PLACEHOLDERS' and got ignored. Falling back to the default placeholder '?'.
[2024-07-05T21:20:52.808+0000] {base.py:84} INFO - Using connection ID 'podcasts' for task execution.
[2024-07-05T21:20:52.808+0000] {sql.py:187} WARNING - Placeholder defined in Connection 'None' is not listed in 'DEFAULT_SQL_PLACEHOLDERS' and got ignored. Falling back to the default placeholder '?'.
[2024-07-05T21:20:52.810+0000] {base.py:84} INFO - Using connection ID 'podcasts' for task execution.
[2024-07-05T21:20:52.810+0000] {sql.py:187} WARNING - Placeholder defined in Connection 'None' is not listed in 'DEFAULT_SQL_PLACEHOLDERS' and got ignored. Falling back to the default placeholder '?'.
[2024-07-05T21:20:52.812+0000] {base.py:84} INFO - Using connection ID 'podcasts' for task execution.
[2024-07-05T21:20:52.812+0000] {sql.py:187} WARNING - Placeholder defined in Connection 'None' is not listed in 'DEFAULT_SQL_PLACEHOLDERS' and got ignored. Falling back to the default placeholder '?'.
[2024-07-05T21:20:52.814+0000] {base.py:84} INFO - Using connection ID 'podcasts' for task execution.
[2024-07-05T21:20:52.814+0000] {sql.py:187} WARNING - Placeholder defined in Connection 'None' is not listed in 'DEFAULT_SQL_PLACEHOLDERS' and got ignored. Falling back to the default placeholder '?'.
[2024-07-05T21:20:52.816+0000] {base.py:84} INFO - Using connection ID 'podcasts' for task execution.
[2024-07-05T21:20:52.816+0000] {sql.py:187} WARNING - Placeholder defined in Connection 'None' is not listed in 'DEFAULT_SQL_PLACEHOLDERS' and got ignored. Falling back to the default placeholder '?'.
[2024-07-05T21:20:52.818+0000] {base.py:84} INFO - Using connection ID 'podcasts' for task execution.
[2024-07-05T21:20:52.818+0000] {sql.py:187} WARNING - Placeholder defined in Connection 'None' is not listed in 'DEFAULT_SQL_PLACEHOLDERS' and got ignored. Falling back to the default placeholder '?'.
[2024-07-05T21:20:52.820+0000] {base.py:84} INFO - Using connection ID 'podcasts' for task execution.
[2024-07-05T21:20:52.820+0000] {sql.py:187} WARNING - Placeholder defined in Connection 'None' is not listed in 'DEFAULT_SQL_PLACEHOLDERS' and got ignored. Falling back to the default placeholder '?'.
[2024-07-05T21:20:52.822+0000] {base.py:84} INFO - Using connection ID 'podcasts' for task execution.
[2024-07-05T21:20:52.822+0000] {sql.py:187} WARNING - Placeholder defined in Connection 'None' is not listed in 'DEFAULT_SQL_PLACEHOLDERS' and got ignored. Falling back to the default placeholder '?'.
[2024-07-05T21:20:52.824+0000] {base.py:84} INFO - Using connection ID 'podcasts' for task execution.
[2024-07-05T21:20:52.824+0000] {sql.py:187} WARNING - Placeholder defined in Connection 'None' is not listed in 'DEFAULT_SQL_PLACEHOLDERS' and got ignored. Falling back to the default placeholder '?'.
[2024-07-05T21:20:52.826+0000] {base.py:84} INFO - Using connection ID 'podcasts' for task execution.
[2024-07-05T21:20:52.826+0000] {sql.py:187} WARNING - Placeholder defined in Connection 'None' is not listed in 'DEFAULT_SQL_PLACEHOLDERS' and got ignored. Falling back to the default placeholder '?'.
[2024-07-05T21:20:52.828+0000] {base.py:84} INFO - Using connection ID 'podcasts' for task execution.
[2024-07-05T21:20:52.828+0000] {sql.py:187} WARNING - Placeholder defined in Connection 'None' is not listed in 'DEFAULT_SQL_PLACEHOLDERS' and got ignored. Falling back to the default placeholder '?'.
[2024-07-05T21:20:52.830+0000] {base.py:84} INFO - Using connection ID 'podcasts' for task execution.
[2024-07-05T21:20:52.831+0000] {sql.py:187} WARNING - Placeholder defined in Connection 'None' is not listed in 'DEFAULT_SQL_PLACEHOLDERS' and got ignored. Falling back to the default placeholder '?'.
[2024-07-05T21:20:52.832+0000] {base.py:84} INFO - Using connection ID 'podcasts' for task execution.
[2024-07-05T21:20:52.833+0000] {sql.py:187} WARNING - Placeholder defined in Connection 'None' is not listed in 'DEFAULT_SQL_PLACEHOLDERS' and got ignored. Falling back to the default placeholder '?'.
[2024-07-05T21:20:52.834+0000] {base.py:84} INFO - Using connection ID 'podcasts' for task execution.
[2024-07-05T21:20:52.835+0000] {sql.py:187} WARNING - Placeholder defined in Connection 'None' is not listed in 'DEFAULT_SQL_PLACEHOLDERS' and got ignored. Falling back to the default placeholder '?'.
[2024-07-05T21:20:52.836+0000] {base.py:84} INFO - Using connection ID 'podcasts' for task execution.
[2024-07-05T21:20:52.837+0000] {sql.py:187} WARNING - Placeholder defined in Connection 'None' is not listed in 'DEFAULT_SQL_PLACEHOLDERS' and got ignored. Falling back to the default placeholder '?'.
[2024-07-05T21:20:52.838+0000] {base.py:84} INFO - Using connection ID 'podcasts' for task execution.
[2024-07-05T21:20:52.839+0000] {sql.py:187} WARNING - Placeholder defined in Connection 'None' is not listed in 'DEFAULT_SQL_PLACEHOLDERS' and got ignored. Falling back to the default placeholder '?'.
[2024-07-05T21:20:52.844+0000] {sql.py:593} INFO - Done loading. Loaded a total of 49 rows into episodes
[2024-07-05T21:20:52.845+0000] {python.py:237} INFO - Done. Returned value was: None
[2024-07-05T21:20:52.845+0000] {taskinstance.py:441} INFO - ::group::Post task execution logs
[2024-07-05T21:20:52.848+0000] {taskinstance.py:1206} INFO - Marking task as SUCCESS. dag_id=podcast_summary, task_id=load_episodes, run_id=manual__2024-07-05T21:20:48.896169+00:00, execution_date=20240705T212048, start_date=20240705T212052, end_date=20240705T212052
[2024-07-05T21:20:52.854+0000] {local_task_job_runner.py:240} INFO - Task exited with return code 0
[2024-07-05T21:20:52.861+0000] {taskinstance.py:3498} INFO - 0 downstream tasks scheduled from follow-on schedule check
[2024-07-05T21:20:52.862+0000] {local_task_job_runner.py:222} INFO - ::endgroup::
