[2024-06-23T23:00:44.741+0000] {local_task_job_runner.py:120} INFO - ::group::Pre task execution logs
[2024-06-23T23:00:44.748+0000] {taskinstance.py:2076} INFO - Dependencies all met for dep_context=non-requeueable deps ti=<TaskInstance: welcome_dag.print_date scheduled__2024-06-22T23:00:00+00:00 [queued]>
[2024-06-23T23:00:44.751+0000] {taskinstance.py:2076} INFO - Dependencies all met for dep_context=requeueable deps ti=<TaskInstance: welcome_dag.print_date scheduled__2024-06-22T23:00:00+00:00 [queued]>
[2024-06-23T23:00:44.751+0000] {taskinstance.py:2306} INFO - Starting attempt 1 of 1
[2024-06-23T23:00:44.756+0000] {taskinstance.py:2330} INFO - Executing <Task(PythonOperator): print_date> on 2024-06-22 23:00:00+00:00
[2024-06-23T23:00:44.759+0000] {warnings.py:110} WARNING - /home/***/.local/lib/python3.12/site-packages/***/task/task_runner/standard_task_runner.py:61: DeprecationWarning: This process (pid=24267) is multi-threaded, use of fork() may lead to deadlocks in the child.
  pid = os.fork()

[2024-06-23T23:00:44.759+0000] {standard_task_runner.py:63} INFO - Started process 24269 to run task
[2024-06-23T23:00:44.760+0000] {standard_task_runner.py:90} INFO - Running: ['***', 'tasks', 'run', 'welcome_dag', 'print_date', 'scheduled__2024-06-22T23:00:00+00:00', '--job-id', '77', '--raw', '--subdir', 'DAGS_FOLDER/Welcome_dag.py', '--cfg-path', '/tmp/tmp7edg__hl']
[2024-06-23T23:00:44.761+0000] {standard_task_runner.py:91} INFO - Job 77: Subtask print_date
[2024-06-23T23:00:44.781+0000] {task_command.py:426} INFO - Running <TaskInstance: welcome_dag.print_date scheduled__2024-06-22T23:00:00+00:00 [running]> on host 39cf80e3d564
[2024-06-23T23:00:44.815+0000] {taskinstance.py:2648} INFO - Exporting env vars: AIRFLOW_CTX_DAG_OWNER='***' AIRFLOW_CTX_DAG_ID='welcome_dag' AIRFLOW_CTX_TASK_ID='print_date' AIRFLOW_CTX_EXECUTION_DATE='2024-06-22T23:00:00+00:00' AIRFLOW_CTX_TRY_NUMBER='1' AIRFLOW_CTX_DAG_RUN_ID='scheduled__2024-06-22T23:00:00+00:00'
[2024-06-23T23:00:44.817+0000] {taskinstance.py:430} INFO - ::endgroup::
[2024-06-23T23:00:44.817+0000] {logging_mixin.py:188} INFO - Today is 2024-06-23
[2024-06-23T23:00:44.817+0000] {python.py:237} INFO - Done. Returned value was: None
[2024-06-23T23:00:44.818+0000] {taskinstance.py:441} INFO - ::group::Post task execution logs
[2024-06-23T23:00:44.822+0000] {taskinstance.py:1206} INFO - Marking task as SUCCESS. dag_id=welcome_dag, task_id=print_date, run_id=scheduled__2024-06-22T23:00:00+00:00, execution_date=20240622T230000, start_date=20240623T230044, end_date=20240623T230044
[2024-06-23T23:00:44.861+0000] {local_task_job_runner.py:240} INFO - Task exited with return code 0
[2024-06-23T23:00:44.896+0000] {taskinstance.py:3498} INFO - 1 downstream tasks scheduled from follow-on schedule check
[2024-06-23T23:00:44.897+0000] {local_task_job_runner.py:222} INFO - ::endgroup::
