[2024-07-06T18:07:13.592+0000] {local_task_job_runner.py:120} INFO - ::group::Pre task execution logs
[2024-07-06T18:07:13.613+0000] {taskinstance.py:2076} INFO - Dependencies all met for dep_context=non-requeueable deps ti=<TaskInstance: podcast_summary.download_episodes manual__2024-07-06T18:07:08.435543+00:00 [queued]>
[2024-07-06T18:07:13.620+0000] {taskinstance.py:2076} INFO - Dependencies all met for dep_context=requeueable deps ti=<TaskInstance: podcast_summary.download_episodes manual__2024-07-06T18:07:08.435543+00:00 [queued]>
[2024-07-06T18:07:13.620+0000] {taskinstance.py:2306} INFO - Starting attempt 1 of 1
[2024-07-06T18:07:13.630+0000] {taskinstance.py:2330} INFO - Executing <Task(_PythonDecoratedOperator): download_episodes> on 2024-07-06 18:07:08.435543+00:00
[2024-07-06T18:07:13.636+0000] {warnings.py:110} WARNING - /home/***/.local/lib/python3.12/site-packages/***/task/task_runner/standard_task_runner.py:61: DeprecationWarning: This process (pid=18502) is multi-threaded, use of fork() may lead to deadlocks in the child.
  pid = os.fork()

[2024-07-06T18:07:13.638+0000] {standard_task_runner.py:63} INFO - Started process 18506 to run task
[2024-07-06T18:07:13.639+0000] {standard_task_runner.py:90} INFO - Running: ['***', 'tasks', 'run', 'podcast_summary', 'download_episodes', 'manual__2024-07-06T18:07:08.435543+00:00', '--job-id', '155', '--raw', '--subdir', 'DAGS_FOLDER/podcast_summary.py', '--cfg-path', '/tmp/tmpnpmsfk32']
[2024-07-06T18:07:13.643+0000] {standard_task_runner.py:91} INFO - Job 155: Subtask download_episodes
[2024-07-06T18:07:13.684+0000] {task_command.py:426} INFO - Running <TaskInstance: podcast_summary.download_episodes manual__2024-07-06T18:07:08.435543+00:00 [running]> on host 4f6b501c5f6b
[2024-07-06T18:07:13.750+0000] {taskinstance.py:2648} INFO - Exporting env vars: AIRFLOW_CTX_DAG_OWNER='***' AIRFLOW_CTX_DAG_ID='podcast_summary' AIRFLOW_CTX_TASK_ID='download_episodes' AIRFLOW_CTX_EXECUTION_DATE='2024-07-06T18:07:08.435543+00:00' AIRFLOW_CTX_TRY_NUMBER='1' AIRFLOW_CTX_DAG_RUN_ID='manual__2024-07-06T18:07:08.435543+00:00'
[2024-07-06T18:07:13.751+0000] {taskinstance.py:430} INFO - ::endgroup::
[2024-07-06T18:07:13.752+0000] {podcast_summary.py:64} INFO - how-many-native-people-live-in-the-u-s-good-question.mp3
[2024-07-06T18:07:13.752+0000] {podcast_summary.py:66} INFO - dags/episodes/how-many-native-people-live-in-the-u-s-good-question.mp3
[2024-07-06T18:07:13.753+0000] {logging_mixin.py:188} INFO - Downloading how-many-native-people-live-in-the-u-s-good-question.mp3
[2024-07-06T18:07:16.180+0000] {podcast_summary.py:64} INFO - the-wages-vs-inflation-horse-race.mp3
[2024-07-06T18:07:16.182+0000] {podcast_summary.py:66} INFO - dags/episodes/the-wages-vs-inflation-horse-race.mp3
[2024-07-06T18:07:16.183+0000] {logging_mixin.py:188} INFO - Downloading the-wages-vs-inflation-horse-race.mp3
[2024-07-06T18:07:18.225+0000] {podcast_summary.py:64} INFO - the-federal-reserves-fork-in-the-road.mp3
[2024-07-06T18:07:18.226+0000] {podcast_summary.py:66} INFO - dags/episodes/the-federal-reserves-fork-in-the-road.mp3
[2024-07-06T18:07:18.226+0000] {logging_mixin.py:188} INFO - Downloading the-federal-reserves-fork-in-the-road.mp3
[2024-07-06T18:07:20.565+0000] {podcast_summary.py:64} INFO - jobs-report-stability-labor-market.mp3
[2024-07-06T18:07:20.566+0000] {podcast_summary.py:66} INFO - dags/episodes/jobs-report-stability-labor-market.mp3
[2024-07-06T18:07:20.566+0000] {logging_mixin.py:188} INFO - Downloading jobs-report-stability-labor-market.mp3
[2024-07-06T18:07:22.692+0000] {podcast_summary.py:64} INFO - a-rigged-version-of-monopoly.mp3
[2024-07-06T18:07:22.693+0000] {podcast_summary.py:66} INFO - dags/episodes/a-rigged-version-of-monopoly.mp3
[2024-07-06T18:07:22.693+0000] {logging_mixin.py:188} INFO - Downloading a-rigged-version-of-monopoly.mp3
[2024-07-06T18:07:25.200+0000] {podcast_summary.py:64} INFO - homelessness-criminalized-as-home-sales-fall-and-prices-rise.mp3
[2024-07-06T18:07:25.212+0000] {podcast_summary.py:66} INFO - dags/episodes/homelessness-criminalized-as-home-sales-fall-and-prices-rise.mp3
[2024-07-06T18:07:25.214+0000] {logging_mixin.py:188} INFO - Downloading homelessness-criminalized-as-home-sales-fall-and-prices-rise.mp3
[2024-07-06T18:07:27.614+0000] {podcast_summary.py:64} INFO - scotus-curbs-regulatory-agencies-powers-again.mp3
[2024-07-06T18:07:27.615+0000] {podcast_summary.py:66} INFO - dags/episodes/scotus-curbs-regulatory-agencies-powers-again.mp3
[2024-07-06T18:07:27.616+0000] {logging_mixin.py:188} INFO - Downloading scotus-curbs-regulatory-agencies-powers-again.mp3
[2024-07-06T18:07:29.720+0000] {podcast_summary.py:64} INFO - how-about-those-new-tariffs.mp3
[2024-07-06T18:07:29.721+0000] {podcast_summary.py:66} INFO - dags/episodes/how-about-those-new-tariffs.mp3
[2024-07-06T18:07:29.722+0000] {logging_mixin.py:188} INFO - Downloading how-about-those-new-tariffs.mp3
[2024-07-06T18:07:31.967+0000] {podcast_summary.py:64} INFO - why-so-miserable.mp3
[2024-07-06T18:07:31.978+0000] {podcast_summary.py:66} INFO - dags/episodes/why-so-miserable.mp3
[2024-07-06T18:07:31.979+0000] {logging_mixin.py:188} INFO - Downloading why-so-miserable.mp3
[2024-07-06T18:07:34.143+0000] {podcast_summary.py:64} INFO - breaking-ground-red-lake-nations-solar-powered-future.mp3
[2024-07-06T18:07:34.144+0000] {podcast_summary.py:66} INFO - dags/episodes/breaking-ground-red-lake-nations-solar-powered-future.mp3
[2024-07-06T18:07:34.144+0000] {logging_mixin.py:188} INFO - Downloading breaking-ground-red-lake-nations-solar-powered-future.mp3
[2024-07-06T18:07:36.400+0000] {podcast_summary.py:64} INFO - last-resort.mp3
[2024-07-06T18:07:36.400+0000] {podcast_summary.py:66} INFO - dags/episodes/last-resort.mp3
[2024-07-06T18:07:36.401+0000] {logging_mixin.py:188} INFO - Downloading last-resort.mp3
[2024-07-06T18:07:38.730+0000] {podcast_summary.py:64} INFO - bill-gates-goes-nuclear-turning-a-small-coal-town-upside-down.mp3
[2024-07-06T18:07:38.731+0000] {podcast_summary.py:66} INFO - dags/episodes/bill-gates-goes-nuclear-turning-a-small-coal-town-upside-down.mp3
[2024-07-06T18:07:38.732+0000] {logging_mixin.py:188} INFO - Downloading bill-gates-goes-nuclear-turning-a-small-coal-town-upside-down.mp3
[2024-07-06T18:07:41.125+0000] {podcast_summary.py:64} INFO - credit-card-debt-data-reveals-two-different-americas.mp3
[2024-07-06T18:07:41.125+0000] {podcast_summary.py:66} INFO - dags/episodes/credit-card-debt-data-reveals-two-different-americas.mp3
[2024-07-06T18:07:41.125+0000] {logging_mixin.py:188} INFO - Downloading credit-card-debt-data-reveals-two-different-americas.mp3
[2024-07-06T18:07:43.591+0000] {podcast_summary.py:64} INFO - will-mortgage-rates-follow-bond-yields-down.mp3
[2024-07-06T18:07:43.592+0000] {podcast_summary.py:66} INFO - dags/episodes/will-mortgage-rates-follow-bond-yields-down.mp3
[2024-07-06T18:07:43.593+0000] {logging_mixin.py:188} INFO - Downloading will-mortgage-rates-follow-bond-yields-down.mp3
[2024-07-06T18:07:45.574+0000] {podcast_summary.py:64} INFO - the-economy-doesnt-love-the-heat-either.mp3
[2024-07-06T18:07:45.576+0000] {podcast_summary.py:66} INFO - dags/episodes/the-economy-doesnt-love-the-heat-either.mp3
[2024-07-06T18:07:45.577+0000] {logging_mixin.py:188} INFO - Downloading the-economy-doesnt-love-the-heat-either.mp3
[2024-07-06T18:07:47.791+0000] {podcast_summary.py:64} INFO - will-i-ever-own-a-home.mp3
[2024-07-06T18:07:47.791+0000] {podcast_summary.py:66} INFO - dags/episodes/will-i-ever-own-a-home.mp3
[2024-07-06T18:07:47.792+0000] {logging_mixin.py:188} INFO - Downloading will-i-ever-own-a-home.mp3
[2024-07-06T18:07:50.119+0000] {podcast_summary.py:64} INFO - whats-good-for-the-economy-might-not-be-good-for-job-seekers.mp3
[2024-07-06T18:07:50.119+0000] {podcast_summary.py:66} INFO - dags/episodes/whats-good-for-the-economy-might-not-be-good-for-job-seekers.mp3
[2024-07-06T18:07:50.120+0000] {logging_mixin.py:188} INFO - Downloading whats-good-for-the-economy-might-not-be-good-for-job-seekers.mp3
[2024-07-06T18:07:52.897+0000] {podcast_summary.py:64} INFO - powell-holds-off-on-rate-cuts.mp3
[2024-07-06T18:07:52.898+0000] {podcast_summary.py:66} INFO - dags/episodes/powell-holds-off-on-rate-cuts.mp3
[2024-07-06T18:07:52.898+0000] {logging_mixin.py:188} INFO - Downloading powell-holds-off-on-rate-cuts.mp3
[2024-07-06T18:07:55.522+0000] {podcast_summary.py:64} INFO - adjusting-for-inflation-dr-evil.mp3
[2024-07-06T18:07:55.524+0000] {podcast_summary.py:66} INFO - dags/episodes/adjusting-for-inflation-dr-evil.mp3
[2024-07-06T18:07:55.525+0000] {logging_mixin.py:188} INFO - Downloading adjusting-for-inflation-dr-evil.mp3
[2024-07-06T18:07:57.920+0000] {podcast_summary.py:64} INFO - the-clean-energy-boom-cant-come-fast-enough.mp3
[2024-07-06T18:07:57.924+0000] {podcast_summary.py:66} INFO - dags/episodes/the-clean-energy-boom-cant-come-fast-enough.mp3
[2024-07-06T18:07:57.924+0000] {logging_mixin.py:188} INFO - Downloading the-clean-energy-boom-cant-come-fast-enough.mp3
[2024-07-06T18:08:00.075+0000] {podcast_summary.py:64} INFO - better-than-expected-job-growth.mp3
[2024-07-06T18:08:00.076+0000] {podcast_summary.py:66} INFO - dags/episodes/better-than-expected-job-growth.mp3
[2024-07-06T18:08:00.076+0000] {logging_mixin.py:188} INFO - Downloading better-than-expected-job-growth.mp3
[2024-07-06T18:08:02.376+0000] {podcast_summary.py:64} INFO - what-do-interest-rate-cuts-in-europe-mean-for-the-u-s.mp3
[2024-07-06T18:08:02.377+0000] {podcast_summary.py:66} INFO - dags/episodes/what-do-interest-rate-cuts-in-europe-mean-for-the-u-s.mp3
[2024-07-06T18:08:02.377+0000] {logging_mixin.py:188} INFO - Downloading what-do-interest-rate-cuts-in-europe-mean-for-the-u-s.mp3
[2024-07-06T18:08:04.712+0000] {podcast_summary.py:64} INFO - lone-star-stock-exchange.mp3
[2024-07-06T18:08:04.713+0000] {podcast_summary.py:66} INFO - dags/episodes/lone-star-stock-exchange.mp3
[2024-07-06T18:08:04.714+0000] {logging_mixin.py:188} INFO - Downloading lone-star-stock-exchange.mp3
[2024-07-06T18:08:07.076+0000] {podcast_summary.py:64} INFO - the-great-stay.mp3
[2024-07-06T18:08:07.079+0000] {podcast_summary.py:66} INFO - dags/episodes/the-great-stay.mp3
[2024-07-06T18:08:07.079+0000] {logging_mixin.py:188} INFO - Downloading the-great-stay.mp3
[2024-07-06T18:08:09.453+0000] {podcast_summary.py:64} INFO - who-benefits-from-mortgage-interest-tax-breaks.mp3
[2024-07-06T18:08:09.455+0000] {podcast_summary.py:66} INFO - dags/episodes/who-benefits-from-mortgage-interest-tax-breaks.mp3
[2024-07-06T18:08:09.456+0000] {logging_mixin.py:188} INFO - Downloading who-benefits-from-mortgage-interest-tax-breaks.mp3
[2024-07-06T18:08:11.499+0000] {podcast_summary.py:64} INFO - slowly-but-surely-the-economy-is-cooling.mp3
[2024-07-06T18:08:11.500+0000] {podcast_summary.py:66} INFO - dags/episodes/slowly-but-surely-the-economy-is-cooling.mp3
[2024-07-06T18:08:11.501+0000] {logging_mixin.py:188} INFO - Downloading slowly-but-surely-the-economy-is-cooling.mp3
[2024-07-06T18:08:13.838+0000] {podcast_summary.py:64} INFO - revised-1st-quarter-gdp-shows-slower-growth.mp3
[2024-07-06T18:08:13.839+0000] {podcast_summary.py:66} INFO - dags/episodes/revised-1st-quarter-gdp-shows-slower-growth.mp3
[2024-07-06T18:08:13.841+0000] {logging_mixin.py:188} INFO - Downloading revised-1st-quarter-gdp-shows-slower-growth.mp3
[2024-07-06T18:08:15.859+0000] {podcast_summary.py:64} INFO - breaking-ground-change-isnt-coming-its-here.mp3
[2024-07-06T18:08:15.860+0000] {podcast_summary.py:66} INFO - dags/episodes/breaking-ground-change-isnt-coming-its-here.mp3
[2024-07-06T18:08:15.860+0000] {logging_mixin.py:188} INFO - Downloading breaking-ground-change-isnt-coming-its-here.mp3
[2024-07-06T18:08:18.144+0000] {podcast_summary.py:64} INFO - what-could-happen-if-israel-severs-banking-ties-with-palestinian.mp3
[2024-07-06T18:08:18.145+0000] {podcast_summary.py:66} INFO - dags/episodes/what-could-happen-if-israel-severs-banking-ties-with-palestinian.mp3
[2024-07-06T18:08:18.146+0000] {logging_mixin.py:188} INFO - Downloading what-could-happen-if-israel-severs-banking-ties-with-palestinian.mp3
[2024-07-06T18:08:20.148+0000] {podcast_summary.py:64} INFO - whys-my-coffee-so-expensive.mp3
[2024-07-06T18:08:20.149+0000] {podcast_summary.py:66} INFO - dags/episodes/whys-my-coffee-so-expensive.mp3
[2024-07-06T18:08:20.149+0000] {logging_mixin.py:188} INFO - Downloading whys-my-coffee-so-expensive.mp3
[2024-07-06T18:08:22.604+0000] {podcast_summary.py:64} INFO - for-female-workers-an-ailing-feeling-about-financial-health.mp3
[2024-07-06T18:08:22.605+0000] {podcast_summary.py:66} INFO - dags/episodes/for-female-workers-an-ailing-feeling-about-financial-health.mp3
[2024-07-06T18:08:22.605+0000] {logging_mixin.py:188} INFO - Downloading for-female-workers-an-ailing-feeling-about-financial-health.mp3
[2024-07-06T18:08:24.749+0000] {podcast_summary.py:64} INFO - bad-housing-news-comes-in-threes.mp3
[2024-07-06T18:08:24.752+0000] {podcast_summary.py:66} INFO - dags/episodes/bad-housing-news-comes-in-threes.mp3
[2024-07-06T18:08:24.752+0000] {logging_mixin.py:188} INFO - Downloading bad-housing-news-comes-in-threes.mp3
[2024-07-06T18:08:27.041+0000] {podcast_summary.py:64} INFO - accommodations-for-long-covid.mp3
[2024-07-06T18:08:27.042+0000] {podcast_summary.py:66} INFO - dags/episodes/accommodations-for-long-covid.mp3
[2024-07-06T18:08:27.042+0000] {logging_mixin.py:188} INFO - Downloading accommodations-for-long-covid.mp3
[2024-07-06T18:08:29.114+0000] {podcast_summary.py:64} INFO - the-complexity-of-succession-planning.mp3
[2024-07-06T18:08:29.115+0000] {podcast_summary.py:66} INFO - dags/episodes/the-complexity-of-succession-planning.mp3
[2024-07-06T18:08:29.115+0000] {logging_mixin.py:188} INFO - Downloading the-complexity-of-succession-planning.mp3
[2024-07-06T18:08:31.203+0000] {podcast_summary.py:64} INFO - the-future-of-dining.mp3
[2024-07-06T18:08:31.207+0000] {podcast_summary.py:66} INFO - dags/episodes/the-future-of-dining.mp3
[2024-07-06T18:08:31.211+0000] {logging_mixin.py:188} INFO - Downloading the-future-of-dining.mp3
[2024-07-06T18:08:33.530+0000] {podcast_summary.py:64} INFO - the-granddaddy-of-all-stock-indices.mp3
[2024-07-06T18:08:33.531+0000] {podcast_summary.py:66} INFO - dags/episodes/the-granddaddy-of-all-stock-indices.mp3
[2024-07-06T18:08:33.531+0000] {logging_mixin.py:188} INFO - Downloading the-granddaddy-of-all-stock-indices.mp3
[2024-07-06T18:08:35.884+0000] {podcast_summary.py:64} INFO - walmart-wayfair-and-wool.mp3
[2024-07-06T18:08:35.884+0000] {podcast_summary.py:66} INFO - dags/episodes/walmart-wayfair-and-wool.mp3
[2024-07-06T18:08:35.885+0000] {logging_mixin.py:188} INFO - Downloading walmart-wayfair-and-wool.mp3
[2024-07-06T18:08:38.664+0000] {podcast_summary.py:64} INFO - the-inflation-cooldown-weve-been-waiting-for.mp3
[2024-07-06T18:08:38.666+0000] {podcast_summary.py:66} INFO - dags/episodes/the-inflation-cooldown-weve-been-waiting-for.mp3
[2024-07-06T18:08:38.666+0000] {logging_mixin.py:188} INFO - Downloading the-inflation-cooldown-weve-been-waiting-for.mp3
[2024-07-06T18:08:40.840+0000] {podcast_summary.py:64} INFO - biden-hits-chinese-goods-with-new-tariffs.mp3
[2024-07-06T18:08:40.840+0000] {podcast_summary.py:66} INFO - dags/episodes/biden-hits-chinese-goods-with-new-tariffs.mp3
[2024-07-06T18:08:40.841+0000] {logging_mixin.py:188} INFO - Downloading biden-hits-chinese-goods-with-new-tariffs.mp3
[2024-07-06T18:08:43.066+0000] {podcast_summary.py:64} INFO - consumer-sentiment-slumps.mp3
[2024-07-06T18:08:43.066+0000] {podcast_summary.py:66} INFO - dags/episodes/consumer-sentiment-slumps.mp3
[2024-07-06T18:08:43.067+0000] {logging_mixin.py:188} INFO - Downloading consumer-sentiment-slumps.mp3
[2024-07-06T18:08:45.281+0000] {podcast_summary.py:64} INFO - is-the-u-s-ready-to-be-a-chipmaking-superpower.mp3
[2024-07-06T18:08:45.283+0000] {podcast_summary.py:66} INFO - dags/episodes/is-the-u-s-ready-to-be-a-chipmaking-superpower.mp3
[2024-07-06T18:08:45.284+0000] {logging_mixin.py:188} INFO - Downloading is-the-u-s-ready-to-be-a-chipmaking-superpower.mp3
[2024-07-06T18:08:47.866+0000] {podcast_summary.py:64} INFO - democracy-is-critical-to-prosperity-treasury-secretary-says.mp3
[2024-07-06T18:08:47.867+0000] {podcast_summary.py:66} INFO - dags/episodes/democracy-is-critical-to-prosperity-treasury-secretary-says.mp3
[2024-07-06T18:08:47.867+0000] {logging_mixin.py:188} INFO - Downloading democracy-is-critical-to-prosperity-treasury-secretary-says.mp3
[2024-07-06T18:08:50.012+0000] {podcast_summary.py:64} INFO - rents-outpace-wages-in-big-cities-across-the-u-s.mp3
[2024-07-06T18:08:50.013+0000] {podcast_summary.py:66} INFO - dags/episodes/rents-outpace-wages-in-big-cities-across-the-u-s.mp3
[2024-07-06T18:08:50.013+0000] {logging_mixin.py:188} INFO - Downloading rents-outpace-wages-in-big-cities-across-the-u-s.mp3
[2024-07-06T18:08:52.152+0000] {podcast_summary.py:64} INFO - a-little-more-time-for-social-security-and-medicare-funds.mp3
[2024-07-06T18:08:52.153+0000] {podcast_summary.py:66} INFO - dags/episodes/a-little-more-time-for-social-security-and-medicare-funds.mp3
[2024-07-06T18:08:52.154+0000] {logging_mixin.py:188} INFO - Downloading a-little-more-time-for-social-security-and-medicare-funds.mp3
[2024-07-06T18:08:54.114+0000] {podcast_summary.py:64} INFO - job-satisfaction-survey.mp3
[2024-07-06T18:08:54.115+0000] {podcast_summary.py:66} INFO - dags/episodes/job-satisfaction-survey.mp3
[2024-07-06T18:08:54.115+0000] {logging_mixin.py:188} INFO - Downloading job-satisfaction-survey.mp3
[2024-07-06T18:08:56.168+0000] {podcast_summary.py:64} INFO - why-government-benefits-are-likely-to-stick-around.mp3
[2024-07-06T18:08:56.169+0000] {podcast_summary.py:66} INFO - dags/episodes/why-government-benefits-are-likely-to-stick-around.mp3
[2024-07-06T18:08:56.170+0000] {logging_mixin.py:188} INFO - Downloading why-government-benefits-are-likely-to-stick-around.mp3
[2024-07-06T18:08:58.182+0000] {podcast_summary.py:64} INFO - breaking-ground-where-are-all-the-jobs.mp3
[2024-07-06T18:08:58.183+0000] {podcast_summary.py:66} INFO - dags/episodes/breaking-ground-where-are-all-the-jobs.mp3
[2024-07-06T18:08:58.184+0000] {logging_mixin.py:188} INFO - Downloading breaking-ground-where-are-all-the-jobs.mp3
[2024-07-06T18:09:00.290+0000] {podcast_summary.py:64} INFO - breaking-ground-the-plants-were-there-first.mp3
[2024-07-06T18:09:00.291+0000] {podcast_summary.py:66} INFO - dags/episodes/breaking-ground-the-plants-were-there-first.mp3
[2024-07-06T18:09:00.291+0000] {logging_mixin.py:188} INFO - Downloading breaking-ground-the-plants-were-there-first.mp3
[2024-07-06T18:09:02.370+0000] {podcast_summary.py:64} INFO - a-visit-to-the-silicon-desert.mp3
[2024-07-06T18:09:02.373+0000] {podcast_summary.py:66} INFO - dags/episodes/a-visit-to-the-silicon-desert.mp3
[2024-07-06T18:09:02.373+0000] {logging_mixin.py:188} INFO - Downloading a-visit-to-the-silicon-desert.mp3
[2024-07-06T18:09:04.608+0000] {podcast_summary.py:64} INFO - keep-on-truckin.mp3
[2024-07-06T18:09:04.609+0000] {podcast_summary.py:66} INFO - dags/episodes/keep-on-truckin.mp3
[2024-07-06T18:09:04.610+0000] {logging_mixin.py:188} INFO - Downloading keep-on-truckin.mp3
[2024-07-06T18:09:06.791+0000] {python.py:237} INFO - Done. Returned value was: None
[2024-07-06T18:09:06.793+0000] {taskinstance.py:441} INFO - ::group::Post task execution logs
[2024-07-06T18:09:06.813+0000] {taskinstance.py:1206} INFO - Marking task as SUCCESS. dag_id=podcast_summary, task_id=download_episodes, run_id=manual__2024-07-06T18:07:08.435543+00:00, execution_date=20240706T180708, start_date=20240706T180713, end_date=20240706T180906
[2024-07-06T18:09:06.896+0000] {local_task_job_runner.py:240} INFO - Task exited with return code 0
[2024-07-06T18:09:06.935+0000] {taskinstance.py:3498} INFO - 0 downstream tasks scheduled from follow-on schedule check
[2024-07-06T18:09:06.936+0000] {local_task_job_runner.py:222} INFO - ::endgroup::
