[2024-06-10T23:00:03.335+0000] {local_task_job_runner.py:120} INFO - ::group::Pre task execution logs
[2024-06-10T23:00:03.342+0000] {taskinstance.py:2076} INFO - Dependencies all met for dep_context=non-requeueable deps ti=<TaskInstance: welcome_dag.print_random_quote scheduled__2024-06-09T23:00:00+00:00 [queued]>
[2024-06-10T23:00:03.345+0000] {taskinstance.py:2076} INFO - Dependencies all met for dep_context=requeueable deps ti=<TaskInstance: welcome_dag.print_random_quote scheduled__2024-06-09T23:00:00+00:00 [queued]>
[2024-06-10T23:00:03.345+0000] {taskinstance.py:2306} INFO - Starting attempt 1 of 1
[2024-06-10T23:00:03.353+0000] {taskinstance.py:2330} INFO - Executing <Task(PythonOperator): print_random_quote> on 2024-06-09 23:00:00+00:00
[2024-06-10T23:00:03.356+0000] {warnings.py:110} WARNING - /home/***/.local/lib/python3.12/site-packages/***/task/task_runner/standard_task_runner.py:61: DeprecationWarning: This process (pid=39851) is multi-threaded, use of fork() may lead to deadlocks in the child.
  pid = os.fork()

[2024-06-10T23:00:03.357+0000] {standard_task_runner.py:63} INFO - Started process 39853 to run task
[2024-06-10T23:00:03.358+0000] {standard_task_runner.py:90} INFO - Running: ['***', 'tasks', 'run', 'welcome_dag', 'print_random_quote', 'scheduled__2024-06-09T23:00:00+00:00', '--job-id', '38', '--raw', '--subdir', 'DAGS_FOLDER/Welcome_dag.py', '--cfg-path', '/tmp/tmpewqrhwuc']
[2024-06-10T23:00:03.359+0000] {standard_task_runner.py:91} INFO - Job 38: Subtask print_random_quote
[2024-06-10T23:00:03.380+0000] {task_command.py:426} INFO - Running <TaskInstance: welcome_dag.print_random_quote scheduled__2024-06-09T23:00:00+00:00 [running]> on host 39cf80e3d564
[2024-06-10T23:00:03.412+0000] {taskinstance.py:2648} INFO - Exporting env vars: AIRFLOW_CTX_DAG_OWNER='***' AIRFLOW_CTX_DAG_ID='welcome_dag' AIRFLOW_CTX_TASK_ID='print_random_quote' AIRFLOW_CTX_EXECUTION_DATE='2024-06-09T23:00:00+00:00' AIRFLOW_CTX_TRY_NUMBER='1' AIRFLOW_CTX_DAG_RUN_ID='scheduled__2024-06-09T23:00:00+00:00'
[2024-06-10T23:00:03.413+0000] {taskinstance.py:430} INFO - ::endgroup::
[2024-06-10T23:00:03.704+0000] {logging_mixin.py:188} INFO - Quote of the day: "When one door of happiness closes, another opens; but often we look so long at the closed door that we do not see the one which has been opened for us."
[2024-06-10T23:00:03.705+0000] {python.py:237} INFO - Done. Returned value was: None
[2024-06-10T23:00:03.706+0000] {taskinstance.py:441} INFO - ::group::Post task execution logs
[2024-06-10T23:00:03.713+0000] {taskinstance.py:1206} INFO - Marking task as SUCCESS. dag_id=welcome_dag, task_id=print_random_quote, run_id=scheduled__2024-06-09T23:00:00+00:00, execution_date=20240609T230000, start_date=20240610T230003, end_date=20240610T230003
[2024-06-10T23:00:03.756+0000] {local_task_job_runner.py:240} INFO - Task exited with return code 0
[2024-06-10T23:00:03.765+0000] {taskinstance.py:3498} INFO - 0 downstream tasks scheduled from follow-on schedule check
[2024-06-10T23:00:03.765+0000] {local_task_job_runner.py:222} INFO - ::endgroup::
